The system is: Linux - 3.10.0-862.11.6.el7.x86_64 - x86_64
Compiling the C compiler identification source file "CMakeCCompilerId.c" succeeded.
Compiler: /trinity/shared/apps/tr17.10/x86_64/openmpi-gcc72-mlnx-3.0.0/bin/mpicc 
Build flags: 
Id flags:  

The output was:
0


Compilation of the C compiler identification source "CMakeCCompilerId.c" produced "a.out"

The C compiler identification is GNU, found in "/trinity/home/lukas/temp/fixit5/build/CMakeFiles/3.16.1/CompilerIdC/a.out"

Compiling the Fortran compiler identification source file "CMakeFortranCompilerId.F" succeeded.
Compiler: /trinity/shared/apps/tr17.10/x86_64/openmpi-gcc72-mlnx-3.0.0/bin/mpif90 
Build flags: 
Id flags: -v 

The output was:
0
Driving: /trinity/shared/apps/tr17.10/x86_64/gcc-7.2.0/bin/gfortran -v CMakeFortranCompilerId.F -I/trinity/shared/apps/tr17.10/x86_64/openmpi-gcc72-mlnx-3.0.0/include -pthread -I/trinity/shared/apps/tr17.10/x86_64/openmpi-gcc72-mlnx-3.0.0/lib -L/trinity/shared/apps/tr17.10/x86_64/hwloc-1.11.8/lib -Wl,-rpath -Wl,/trinity/shared/apps/tr17.10/x86_64/hwloc-1.11.8/lib -Wl,-rpath -Wl,/trinity/shared/apps/tr17.10/x86_64/openmpi-gcc72-mlnx-3.0.0/lib -Wl,--enable-new-dtags -L/trinity/shared/apps/tr17.10/x86_64/openmpi-gcc72-mlnx-3.0.0/lib -lmpi_usempif08 -lmpi_usempi_ignore_tkr -lmpi_mpifh -lmpi -l gfortran -l m -shared-libgcc
Using built-in specs.
COLLECT_GCC=/trinity/shared/apps/tr17.10/x86_64/gcc-7.2.0/bin/gfortran
COLLECT_LTO_WRAPPER=/trinity/shared/apps/tr17.10/x86_64/gcc-7.2.0/libexec/gcc/x86_64-redhat-linux/7.2.0/lto-wrapper
Target: x86_64-redhat-linux
Configured with: ./configure --prefix=/trinity/shared/apps/tr17.10/x86_64/gcc-7.2.0 --enable-multilib --enable-lto --enable-libstdcxx --enable-bootstrap --enable-shared --enable-threads=posix --enable-checking=release --with-system-zlib --enable-__cxa_atexit --disable-libunwind-exceptions --enable-gnu-unique-object --enable-languages=c,c++,objc,obj-c++,fortran --with-ppl --with-cloog --without-isl --build=x86_64-redhat-linux
Thread model: posix
gcc version 7.2.0 (GCC) 
COLLECT_GCC_OPTIONS='-v' '-I' '/trinity/shared/apps/tr17.10/x86_64/openmpi-gcc72-mlnx-3.0.0/include' '-pthread' '-I' '/trinity/shared/apps/tr17.10/x86_64/openmpi-gcc72-mlnx-3.0.0/lib' '-L/trinity/shared/apps/tr17.10/x86_64/hwloc-1.11.8/lib' '-L/trinity/shared/apps/tr17.10/x86_64/openmpi-gcc72-mlnx-3.0.0/lib' '-shared-libgcc' '-mtune=generic' '-march=x86-64'
 /trinity/shared/apps/tr17.10/x86_64/gcc-7.2.0/libexec/gcc/x86_64-redhat-linux/7.2.0/f951 CMakeFortranCompilerId.F -ffixed-form -cpp=/tmp/ccAa6hbX.f90 -quiet -v -I /trinity/shared/apps/tr17.10/x86_64/openmpi-gcc72-mlnx-3.0.0/include -I /trinity/shared/apps/tr17.10/x86_64/openmpi-gcc72-mlnx-3.0.0/lib -D_REENTRANT CMakeFortranCompilerId.F -quiet -dumpbase CMakeFortranCompilerId.F -mtune=generic -march=x86-64 -auxbase CMakeFortranCompilerId -version -fintrinsic-modules-path /trinity/shared/apps/tr17.10/x86_64/gcc-7.2.0/lib/gcc/x86_64-redhat-linux/7.2.0/finclude -o /tmp/ccXzcD8j.s
GNU Fortran (GCC) version 7.2.0 (x86_64-redhat-linux)
	compiled by GNU C version 7.2.0, GMP version 6.1.0, MPFR version 3.1.4, MPC version 1.0.3, isl version none
GGC heuristics: --param ggc-min-expand=100 --param ggc-min-heapsize=131072
ignoring duplicate directory "/trinity/shared/apps/tr17.10/x86_64/gcc-7.2.0/include"
ignoring nonexistent directory "/trinity/shared/apps/tr17.10/x86_64/gcc-7.2.0/lib/gcc/x86_64-redhat-linux/7.2.0/../../../../x86_64-redhat-linux/include"
ignoring duplicate directory "/trinity/shared/apps/tr17.10/x86_64/openmpi-gcc72-mlnx-3.0.0/include"
  as it is a non-system directory that duplicates a system directory
ignoring duplicate directory "/trinity/shared/apps/tr17.10/x86_64/qt5-gcc72-5.9.3/include"
  as it is a non-system directory that duplicates a system directory
ignoring duplicate directory "/trinity/shared/apps/tr17.10/x86_64/openmpi-gcc72-mlnx-3.0.0/include"
  as it is a non-system directory that duplicates a system directory
ignoring duplicate directory "/trinity/shared/apps/tr17.10/x86_64/hwloc-1.11.8/include"
  as it is a non-system directory that duplicates a system directory
ignoring duplicate directory "/trinity/shared/apps/tr17.10/x86_64/pmix-2.1.1/include"
  as it is a non-system directory that duplicates a system directory
ignoring duplicate directory "/trinity/shared/apps/tr17.10/x86_64/gcc-7.2.0/include"
  as it is a non-system directory that duplicates a system directory
#include "..." search starts here:
#include <...> search starts here:
 /trinity/shared/apps/tr17.10/x86_64/openmpi-gcc72-mlnx-3.0.0/lib
 /trinity/shared/apps/tr17.10/x86_64/gcc-7.2.0/lib/gcc/x86_64-redhat-linux/7.2.0/finclude
 /trinity/shared/apps/tr17.10/x86_64/qt5-gcc72-5.9.3/include
 /trinity/shared/apps/tr17.10/x86_64/openmpi-gcc72-mlnx-3.0.0/include
 /trinity/shared/apps/tr17.10/x86_64/hwloc-1.11.8/include
 /trinity/shared/apps/tr17.10/x86_64/pmix-2.1.1/include
 /trinity/shared/apps/tr17.10/x86_64/gcc-7.2.0/include
 /trinity/shared/apps/tr17.10/x86_64/gcc-7.2.0/lib/gcc/x86_64-redhat-linux/7.2.0/include
 /usr/local/include
 /trinity/shared/apps/tr17.10/x86_64/gcc-7.2.0/lib/gcc/x86_64-redhat-linux/7.2.0/include-fixed
 /usr/include
End of search list.
GNU Fortran2008 (GCC) version 7.2.0 (x86_64-redhat-linux)
	compiled by GNU C version 7.2.0, GMP version 6.1.0, MPFR version 3.1.4, MPC version 1.0.3, isl version none
GGC heuristics: --param ggc-min-expand=100 --param ggc-min-heapsize=131072
COLLECT_GCC_OPTIONS='-v' '-I' '/trinity/shared/apps/tr17.10/x86_64/openmpi-gcc72-mlnx-3.0.0/include' '-pthread' '-I' '/trinity/shared/apps/tr17.10/x86_64/openmpi-gcc72-mlnx-3.0.0/lib' '-L/trinity/shared/apps/tr17.10/x86_64/hwloc-1.11.8/lib' '-L/trinity/shared/apps/tr17.10/x86_64/openmpi-gcc72-mlnx-3.0.0/lib' '-shared-libgcc' '-mtune=generic' '-march=x86-64'
 as -v -I /trinity/shared/apps/tr17.10/x86_64/openmpi-gcc72-mlnx-3.0.0/include -I /trinity/shared/apps/tr17.10/x86_64/openmpi-gcc72-mlnx-3.0.0/lib --64 -o /tmp/ccsV5A9G.o /tmp/ccXzcD8j.s
GNU assembler version 2.27 (x86_64-redhat-linux) using BFD version version 2.27-41.base.el7_7.1
Reading specs from /trinity/shared/apps/tr17.10/x86_64/gcc-7.2.0/lib64/../lib64/libgfortran.spec
rename spec lib to liborig
COLLECT_GCC_OPTIONS='-v' '-I' '/trinity/shared/apps/tr17.10/x86_64/openmpi-gcc72-mlnx-3.0.0/include' '-pthread' '-I' '/trinity/shared/apps/tr17.10/x86_64/openmpi-gcc72-mlnx-3.0.0/lib' '-L/trinity/shared/apps/tr17.10/x86_64/hwloc-1.11.8/lib' '-L/trinity/shared/apps/tr17.10/x86_64/openmpi-gcc72-mlnx-3.0.0/lib' '-shared-libgcc' '-mtune=generic' '-march=x86-64'
COMPILER_PATH=/trinity/shared/apps/tr17.10/x86_64/gcc-7.2.0/libexec/gcc/x86_64-redhat-linux/7.2.0/:/trinity/shared/apps/tr17.10/x86_64/gcc-7.2.0/libexec/gcc/x86_64-redhat-linux/7.2.0/:/trinity/shared/apps/tr17.10/x86_64/gcc-7.2.0/libexec/gcc/x86_64-redhat-linux/:/trinity/shared/apps/tr17.10/x86_64/gcc-7.2.0/lib/gcc/x86_64-redhat-linux/7.2.0/:/trinity/shared/apps/tr17.10/x86_64/gcc-7.2.0/lib/gcc/x86_64-redhat-linux/
LIBRARY_PATH=/trinity/shared/apps/tr17.10/x86_64/lapack-gcc72-3.7.1/lib64/../lib64/:/trinity/shared/apps/tr17.10/x86_64/gcc-7.2.0/lib64/../lib64/:/trinity/shared/apps/tr17.10/x86_64/gcc-7.2.0/lib/../lib64/:/trinity/shared/apps/tr17.10/x86_64/gcc-7.2.0/lib/gcc/x86_64-redhat-linux/7.2.0/:/trinity/shared/apps/tr17.10/x86_64/gcc-7.2.0/lib/gcc/x86_64-redhat-linux/7.2.0/../../../../lib64/:/lib/../lib64/:/usr/lib/../lib64/:/trinity/shared/apps/tr17.10/x86_64/qt5-gcc72-5.9.3/lib/:/trinity/shared/apps/tr17.10/x86_64/lapack-gcc72-3.7.1/lib64/:/trinity/shared/apps/tr17.10/x86_64/blas-gcc72-3.7.1/lib/:/trinity/shared/apps/tr17.10/x86_64/openmpi-gcc72-mlnx-3.0.0/lib/:/trinity/shared/apps/tr17.10/x86_64/hwloc-1.11.8/lib/:/trinity/shared/apps/tr17.10/x86_64/pmix-2.1.1/lib/:/trinity/shared/apps/tr17.10/x86_64/gcc-7.2.0/lib64/:/trinity/shared/apps/tr17.10/x86_64/gcc-7.2.0/lib/:/trinity/shared/apps/tr17.10/x86_64/gcc-7.2.0/lib/gcc/x86_64-redhat-linux/7.2.0/../../../:/lib/:/usr/lib/
COLLECT_GCC_OPTIONS='-v' '-I' '/trinity/shared/apps/tr17.10/x86_64/openmpi-gcc72-mlnx-3.0.0/include' '-pthread' '-I' '/trinity/shared/apps/tr17.10/x86_64/openmpi-gcc72-mlnx-3.0.0/lib' '-L/trinity/shared/apps/tr17.10/x86_64/hwloc-1.11.8/lib' '-L/trinity/shared/apps/tr17.10/x86_64/openmpi-gcc72-mlnx-3.0.0/lib' '-shared-libgcc' '-mtune=generic' '-march=x86-64'
 /trinity/shared/apps/tr17.10/x86_64/gcc-7.2.0/libexec/gcc/x86_64-redhat-linux/7.2.0/collect2 -plugin /trinity/shared/apps/tr17.10/x86_64/gcc-7.2.0/libexec/gcc/x86_64-redhat-linux/7.2.0/liblto_plugin.so -plugin-opt=/trinity/shared/apps/tr17.10/x86_64/gcc-7.2.0/libexec/gcc/x86_64-redhat-linux/7.2.0/lto-wrapper -plugin-opt=-fresolution=/tmp/ccitZNb4.res -plugin-opt=-pass-through=-lgcc_s -plugin-opt=-pass-through=-lgcc -plugin-opt=-pass-through=-lquadmath -plugin-opt=-pass-through=-lm -plugin-opt=-pass-through=-lgcc_s -plugin-opt=-pass-through=-lgcc -plugin-opt=-pass-through=-lpthread -plugin-opt=-pass-through=-lc -plugin-opt=-pass-through=-lgcc_s -plugin-opt=-pass-through=-lgcc --eh-frame-hdr -m elf_x86_64 -dynamic-linker /lib64/ld-linux-x86-64.so.2 /lib/../lib64/crt1.o /lib/../lib64/crti.o /trinity/shared/apps/tr17.10/x86_64/gcc-7.2.0/lib/gcc/x86_64-redhat-linux/7.2.0/crtbegin.o -L/trinity/shared/apps/tr17.10/x86_64/hwloc-1.11.8/lib -L/trinity/shared/apps/tr17.10/x86_64/openmpi-gcc72-mlnx-3.0.0/lib -L/trinity/shared/apps/tr17.10/x86_64/lapack-gcc72-3.7.1/lib64/../lib64 -L/trinity/shared/apps/tr17.10/x86_64/gcc-7.2.0/lib64/../lib64 -L/trinity/shared/apps/tr17.10/x86_64/gcc-7.2.0/lib/../lib64 -L/trinity/shared/apps/tr17.10/x86_64/gcc-7.2.0/lib/gcc/x86_64-redhat-linux/7.2.0 -L/trinity/shared/apps/tr17.10/x86_64/gcc-7.2.0/lib/gcc/x86_64-redhat-linux/7.2.0/../../../../lib64 -L/lib/../lib64 -L/usr/lib/../lib64 -L/trinity/shared/apps/tr17.10/x86_64/qt5-gcc72-5.9.3/lib -L/trinity/shared/apps/tr17.10/x86_64/lapack-gcc72-3.7.1/lib64 -L/trinity/shared/apps/tr17.10/x86_64/blas-gcc72-3.7.1/lib -L/trinity/shared/apps/tr17.10/x86_64/openmpi-gcc72-mlnx-3.0.0/lib -L/trinity/shared/apps/tr17.10/x86_64/hwloc-1.11.8/lib -L/trinity/shared/apps/tr17.10/x86_64/pmix-2.1.1/lib -L/trinity/shared/apps/tr17.10/x86_64/gcc-7.2.0/lib64 -L/trinity/shared/apps/tr17.10/x86_64/gcc-7.2.0/lib -L/trinity/shared/apps/tr17.10/x86_64/gcc-7.2.0/lib/gcc/x86_64-redhat-linux/7.2.0/../../.. /tmp/ccsV5A9G.o -rpath /trinity/shared/apps/tr17.10/x86_64/hwloc-1.11.8/lib -rpath /trinity/shared/apps/tr17.10/x86_64/openmpi-gcc72-mlnx-3.0.0/lib --enable-new-dtags -lmpi_usempif08 -lmpi_usempi_ignore_tkr -lmpi_mpifh -lmpi -lgfortran -lm -lgcc_s -lgcc -lquadmath -lm -lgcc_s -lgcc -lpthread -lc -lgcc_s -lgcc /trinity/shared/apps/tr17.10/x86_64/gcc-7.2.0/lib/gcc/x86_64-redhat-linux/7.2.0/crtend.o /lib/../lib64/crtn.o
COLLECT_GCC_OPTIONS='-v' '-I' '/trinity/shared/apps/tr17.10/x86_64/openmpi-gcc72-mlnx-3.0.0/include' '-pthread' '-I' '/trinity/shared/apps/tr17.10/x86_64/openmpi-gcc72-mlnx-3.0.0/lib' '-L/trinity/shared/apps/tr17.10/x86_64/hwloc-1.11.8/lib' '-L/trinity/shared/apps/tr17.10/x86_64/openmpi-gcc72-mlnx-3.0.0/lib' '-shared-libgcc' '-mtune=generic' '-march=x86-64'


Compilation of the Fortran compiler identification source "CMakeFortranCompilerId.F" produced "a.out"

The Fortran compiler identification is GNU, found in "/trinity/home/lukas/temp/fixit5/build/CMakeFiles/3.16.1/CompilerIdFortran/a.out"

Determining if the C compiler works passed with the following output:
Change Dir: /trinity/home/lukas/temp/fixit5/build/CMakeFiles/CMakeTmp

Run Build Command(s):/usr/bin/gmake cmTC_7355c/fast && /usr/bin/gmake -f CMakeFiles/cmTC_7355c.dir/build.make CMakeFiles/cmTC_7355c.dir/build
gmake[1]: Entering directory `/trinity/home/lukas/temp/fixit5/build/CMakeFiles/CMakeTmp'
Building C object CMakeFiles/cmTC_7355c.dir/testCCompiler.c.o
/trinity/shared/apps/tr17.10/x86_64/openmpi-gcc72-mlnx-3.0.0/bin/mpicc    -o CMakeFiles/cmTC_7355c.dir/testCCompiler.c.o   -c /trinity/home/lukas/temp/fixit5/build/CMakeFiles/CMakeTmp/testCCompiler.c
Linking C executable cmTC_7355c
/trinity/opt/apps/software/cmake/cmake-3.16.1/bin/cmake -E cmake_link_script CMakeFiles/cmTC_7355c.dir/link.txt --verbose=1
/trinity/shared/apps/tr17.10/x86_64/openmpi-gcc72-mlnx-3.0.0/bin/mpicc      CMakeFiles/cmTC_7355c.dir/testCCompiler.c.o  -o cmTC_7355c 
gmake[1]: Leaving directory `/trinity/home/lukas/temp/fixit5/build/CMakeFiles/CMakeTmp'



Detecting C compiler ABI info compiled with the following output:
Change Dir: /trinity/home/lukas/temp/fixit5/build/CMakeFiles/CMakeTmp

Run Build Command(s):/usr/bin/gmake cmTC_9b931/fast && /usr/bin/gmake -f CMakeFiles/cmTC_9b931.dir/build.make CMakeFiles/cmTC_9b931.dir/build
gmake[1]: Entering directory `/trinity/home/lukas/temp/fixit5/build/CMakeFiles/CMakeTmp'
Building C object CMakeFiles/cmTC_9b931.dir/CMakeCCompilerABI.c.o
/trinity/shared/apps/tr17.10/x86_64/openmpi-gcc72-mlnx-3.0.0/bin/mpicc   -v -o CMakeFiles/cmTC_9b931.dir/CMakeCCompilerABI.c.o   -c /trinity/opt/apps/software/cmake/cmake-3.16.1/Modules/CMakeCCompilerABI.c
Using built-in specs.
COLLECT_GCC=/trinity/shared/apps/tr17.10/x86_64/gcc-7.2.0/bin/gcc
Target: x86_64-redhat-linux
Configured with: ./configure --prefix=/trinity/shared/apps/tr17.10/x86_64/gcc-7.2.0 --enable-multilib --enable-lto --enable-libstdcxx --enable-bootstrap --enable-shared --enable-threads=posix --enable-checking=release --with-system-zlib --enable-__cxa_atexit --disable-libunwind-exceptions --enable-gnu-unique-object --enable-languages=c,c++,objc,obj-c++,fortran --with-ppl --with-cloog --without-isl --build=x86_64-redhat-linux
Thread model: posix
gcc version 7.2.0 (GCC) 
COLLECT_GCC_OPTIONS='-v' '-o' 'CMakeFiles/cmTC_9b931.dir/CMakeCCompilerABI.c.o' '-c' '-I' '/trinity/shared/apps/tr17.10/x86_64/openmpi-gcc72-mlnx-3.0.0/include' '-pthread' '-mtune=generic' '-march=x86-64'
 /trinity/shared/apps/tr17.10/x86_64/gcc-7.2.0/libexec/gcc/x86_64-redhat-linux/7.2.0/cc1 -quiet -v -I /trinity/shared/apps/tr17.10/x86_64/openmpi-gcc72-mlnx-3.0.0/include -D_REENTRANT /trinity/opt/apps/software/cmake/cmake-3.16.1/Modules/CMakeCCompilerABI.c -quiet -dumpbase CMakeCCompilerABI.c -mtune=generic -march=x86-64 -auxbase-strip CMakeFiles/cmTC_9b931.dir/CMakeCCompilerABI.c.o -version -o /tmp/ccX64U0C.s
GNU C11 (GCC) version 7.2.0 (x86_64-redhat-linux)
	compiled by GNU C version 7.2.0, GMP version 6.1.0, MPFR version 3.1.4, MPC version 1.0.3, isl version none
GGC heuristics: --param ggc-min-expand=100 --param ggc-min-heapsize=131072
ignoring duplicate directory "/trinity/shared/apps/tr17.10/x86_64/gcc-7.2.0/include"
ignoring nonexistent directory "/trinity/shared/apps/tr17.10/x86_64/gcc-7.2.0/lib/gcc/x86_64-redhat-linux/7.2.0/../../../../x86_64-redhat-linux/include"
ignoring duplicate directory "/trinity/shared/apps/tr17.10/x86_64/openmpi-gcc72-mlnx-3.0.0/include"
  as it is a non-system directory that duplicates a system directory
ignoring duplicate directory "/trinity/shared/apps/tr17.10/x86_64/qt5-gcc72-5.9.3/include"
  as it is a non-system directory that duplicates a system directory
ignoring duplicate directory "/trinity/shared/apps/tr17.10/x86_64/openmpi-gcc72-mlnx-3.0.0/include"
  as it is a non-system directory that duplicates a system directory
ignoring duplicate directory "/trinity/shared/apps/tr17.10/x86_64/hwloc-1.11.8/include"
  as it is a non-system directory that duplicates a system directory
ignoring duplicate directory "/trinity/shared/apps/tr17.10/x86_64/pmix-2.1.1/include"
  as it is a non-system directory that duplicates a system directory
ignoring duplicate directory "/trinity/shared/apps/tr17.10/x86_64/gcc-7.2.0/include"
  as it is a non-system directory that duplicates a system directory
#include "..." search starts here:
#include <...> search starts here:
 /trinity/shared/apps/tr17.10/x86_64/qt5-gcc72-5.9.3/include
 /trinity/shared/apps/tr17.10/x86_64/openmpi-gcc72-mlnx-3.0.0/include
 /trinity/shared/apps/tr17.10/x86_64/hwloc-1.11.8/include
 /trinity/shared/apps/tr17.10/x86_64/pmix-2.1.1/include
 /trinity/shared/apps/tr17.10/x86_64/gcc-7.2.0/include
 /trinity/shared/apps/tr17.10/x86_64/gcc-7.2.0/lib/gcc/x86_64-redhat-linux/7.2.0/include
 /usr/local/include
 /trinity/shared/apps/tr17.10/x86_64/gcc-7.2.0/lib/gcc/x86_64-redhat-linux/7.2.0/include-fixed
 /usr/include
End of search list.
GNU C11 (GCC) version 7.2.0 (x86_64-redhat-linux)
	compiled by GNU C version 7.2.0, GMP version 6.1.0, MPFR version 3.1.4, MPC version 1.0.3, isl version none
GGC heuristics: --param ggc-min-expand=100 --param ggc-min-heapsize=131072
Compiler executable checksum: 7fef9a8e0260c96b7ff49c3fe8d0fbb8
COLLECT_GCC_OPTIONS='-v' '-o' 'CMakeFiles/cmTC_9b931.dir/CMakeCCompilerABI.c.o' '-c' '-I' '/trinity/shared/apps/tr17.10/x86_64/openmpi-gcc72-mlnx-3.0.0/include' '-pthread' '-mtune=generic' '-march=x86-64'
 as -v -I /trinity/shared/apps/tr17.10/x86_64/openmpi-gcc72-mlnx-3.0.0/include --64 -o CMakeFiles/cmTC_9b931.dir/CMakeCCompilerABI.c.o /tmp/ccX64U0C.s
GNU assembler version 2.27 (x86_64-redhat-linux) using BFD version version 2.27-41.base.el7_7.1
COMPILER_PATH=/trinity/shared/apps/tr17.10/x86_64/gcc-7.2.0/libexec/gcc/x86_64-redhat-linux/7.2.0/:/trinity/shared/apps/tr17.10/x86_64/gcc-7.2.0/libexec/gcc/x86_64-redhat-linux/7.2.0/:/trinity/shared/apps/tr17.10/x86_64/gcc-7.2.0/libexec/gcc/x86_64-redhat-linux/:/trinity/shared/apps/tr17.10/x86_64/gcc-7.2.0/lib/gcc/x86_64-redhat-linux/7.2.0/:/trinity/shared/apps/tr17.10/x86_64/gcc-7.2.0/lib/gcc/x86_64-redhat-linux/
LIBRARY_PATH=/trinity/shared/apps/tr17.10/x86_64/lapack-gcc72-3.7.1/lib64/../lib64/:/trinity/shared/apps/tr17.10/x86_64/gcc-7.2.0/lib64/../lib64/:/trinity/shared/apps/tr17.10/x86_64/gcc-7.2.0/lib/../lib64/:/trinity/shared/apps/tr17.10/x86_64/gcc-7.2.0/lib/gcc/x86_64-redhat-linux/7.2.0/:/trinity/shared/apps/tr17.10/x86_64/gcc-7.2.0/lib/gcc/x86_64-redhat-linux/7.2.0/../../../../lib64/:/lib/../lib64/:/usr/lib/../lib64/:/trinity/shared/apps/tr17.10/x86_64/qt5-gcc72-5.9.3/lib/:/trinity/shared/apps/tr17.10/x86_64/lapack-gcc72-3.7.1/lib64/:/trinity/shared/apps/tr17.10/x86_64/blas-gcc72-3.7.1/lib/:/trinity/shared/apps/tr17.10/x86_64/openmpi-gcc72-mlnx-3.0.0/lib/:/trinity/shared/apps/tr17.10/x86_64/hwloc-1.11.8/lib/:/trinity/shared/apps/tr17.10/x86_64/pmix-2.1.1/lib/:/trinity/shared/apps/tr17.10/x86_64/gcc-7.2.0/lib64/:/trinity/shared/apps/tr17.10/x86_64/gcc-7.2.0/lib/:/trinity/shared/apps/tr17.10/x86_64/gcc-7.2.0/lib/gcc/x86_64-redhat-linux/7.2.0/../../../:/lib/:/usr/lib/
COLLECT_GCC_OPTIONS='-v' '-o' 'CMakeFiles/cmTC_9b931.dir/CMakeCCompilerABI.c.o' '-c' '-I' '/trinity/shared/apps/tr17.10/x86_64/openmpi-gcc72-mlnx-3.0.0/include' '-pthread' '-mtune=generic' '-march=x86-64'
Linking C executable cmTC_9b931
/trinity/opt/apps/software/cmake/cmake-3.16.1/bin/cmake -E cmake_link_script CMakeFiles/cmTC_9b931.dir/link.txt --verbose=1
/trinity/shared/apps/tr17.10/x86_64/openmpi-gcc72-mlnx-3.0.0/bin/mpicc     -v CMakeFiles/cmTC_9b931.dir/CMakeCCompilerABI.c.o  -o cmTC_9b931 
Using built-in specs.
COLLECT_GCC=/trinity/shared/apps/tr17.10/x86_64/gcc-7.2.0/bin/gcc
COLLECT_LTO_WRAPPER=/trinity/shared/apps/tr17.10/x86_64/gcc-7.2.0/libexec/gcc/x86_64-redhat-linux/7.2.0/lto-wrapper
Target: x86_64-redhat-linux
Configured with: ./configure --prefix=/trinity/shared/apps/tr17.10/x86_64/gcc-7.2.0 --enable-multilib --enable-lto --enable-libstdcxx --enable-bootstrap --enable-shared --enable-threads=posix --enable-checking=release --with-system-zlib --enable-__cxa_atexit --disable-libunwind-exceptions --enable-gnu-unique-object --enable-languages=c,c++,objc,obj-c++,fortran --with-ppl --with-cloog --without-isl --build=x86_64-redhat-linux
Thread model: posix
gcc version 7.2.0 (GCC) 
COMPILER_PATH=/trinity/shared/apps/tr17.10/x86_64/gcc-7.2.0/libexec/gcc/x86_64-redhat-linux/7.2.0/:/trinity/shared/apps/tr17.10/x86_64/gcc-7.2.0/libexec/gcc/x86_64-redhat-linux/7.2.0/:/trinity/shared/apps/tr17.10/x86_64/gcc-7.2.0/libexec/gcc/x86_64-redhat-linux/:/trinity/shared/apps/tr17.10/x86_64/gcc-7.2.0/lib/gcc/x86_64-redhat-linux/7.2.0/:/trinity/shared/apps/tr17.10/x86_64/gcc-7.2.0/lib/gcc/x86_64-redhat-linux/
LIBRARY_PATH=/trinity/shared/apps/tr17.10/x86_64/lapack-gcc72-3.7.1/lib64/../lib64/:/trinity/shared/apps/tr17.10/x86_64/gcc-7.2.0/lib64/../lib64/:/trinity/shared/apps/tr17.10/x86_64/gcc-7.2.0/lib/../lib64/:/trinity/shared/apps/tr17.10/x86_64/gcc-7.2.0/lib/gcc/x86_64-redhat-linux/7.2.0/:/trinity/shared/apps/tr17.10/x86_64/gcc-7.2.0/lib/gcc/x86_64-redhat-linux/7.2.0/../../../../lib64/:/lib/../lib64/:/usr/lib/../lib64/:/trinity/shared/apps/tr17.10/x86_64/qt5-gcc72-5.9.3/lib/:/trinity/shared/apps/tr17.10/x86_64/lapack-gcc72-3.7.1/lib64/:/trinity/shared/apps/tr17.10/x86_64/blas-gcc72-3.7.1/lib/:/trinity/shared/apps/tr17.10/x86_64/openmpi-gcc72-mlnx-3.0.0/lib/:/trinity/shared/apps/tr17.10/x86_64/hwloc-1.11.8/lib/:/trinity/shared/apps/tr17.10/x86_64/pmix-2.1.1/lib/:/trinity/shared/apps/tr17.10/x86_64/gcc-7.2.0/lib64/:/trinity/shared/apps/tr17.10/x86_64/gcc-7.2.0/lib/:/trinity/shared/apps/tr17.10/x86_64/gcc-7.2.0/lib/gcc/x86_64-redhat-linux/7.2.0/../../../:/lib/:/usr/lib/
COLLECT_GCC_OPTIONS='-v' '-o' 'cmTC_9b931' '-I' '/trinity/shared/apps/tr17.10/x86_64/openmpi-gcc72-mlnx-3.0.0/include' '-pthread' '-L/trinity/shared/apps/tr17.10/x86_64/hwloc-1.11.8/lib' '-L/trinity/shared/apps/tr17.10/x86_64/openmpi-gcc72-mlnx-3.0.0/lib' '-mtune=generic' '-march=x86-64'
 /trinity/shared/apps/tr17.10/x86_64/gcc-7.2.0/libexec/gcc/x86_64-redhat-linux/7.2.0/collect2 -plugin /trinity/shared/apps/tr17.10/x86_64/gcc-7.2.0/libexec/gcc/x86_64-redhat-linux/7.2.0/liblto_plugin.so -plugin-opt=/trinity/shared/apps/tr17.10/x86_64/gcc-7.2.0/libexec/gcc/x86_64-redhat-linux/7.2.0/lto-wrapper -plugin-opt=-fresolution=/tmp/cc9UFkJE.res -plugin-opt=-pass-through=-lgcc -plugin-opt=-pass-through=-lgcc_s -plugin-opt=-pass-through=-lpthread -plugin-opt=-pass-through=-lc -plugin-opt=-pass-through=-lgcc -plugin-opt=-pass-through=-lgcc_s --eh-frame-hdr -m elf_x86_64 -dynamic-linker /lib64/ld-linux-x86-64.so.2 -o cmTC_9b931 /lib/../lib64/crt1.o /lib/../lib64/crti.o /trinity/shared/apps/tr17.10/x86_64/gcc-7.2.0/lib/gcc/x86_64-redhat-linux/7.2.0/crtbegin.o -L/trinity/shared/apps/tr17.10/x86_64/hwloc-1.11.8/lib -L/trinity/shared/apps/tr17.10/x86_64/openmpi-gcc72-mlnx-3.0.0/lib -L/trinity/shared/apps/tr17.10/x86_64/lapack-gcc72-3.7.1/lib64/../lib64 -L/trinity/shared/apps/tr17.10/x86_64/gcc-7.2.0/lib64/../lib64 -L/trinity/shared/apps/tr17.10/x86_64/gcc-7.2.0/lib/../lib64 -L/trinity/shared/apps/tr17.10/x86_64/gcc-7.2.0/lib/gcc/x86_64-redhat-linux/7.2.0 -L/trinity/shared/apps/tr17.10/x86_64/gcc-7.2.0/lib/gcc/x86_64-redhat-linux/7.2.0/../../../../lib64 -L/lib/../lib64 -L/usr/lib/../lib64 -L/trinity/shared/apps/tr17.10/x86_64/qt5-gcc72-5.9.3/lib -L/trinity/shared/apps/tr17.10/x86_64/lapack-gcc72-3.7.1/lib64 -L/trinity/shared/apps/tr17.10/x86_64/blas-gcc72-3.7.1/lib -L/trinity/shared/apps/tr17.10/x86_64/openmpi-gcc72-mlnx-3.0.0/lib -L/trinity/shared/apps/tr17.10/x86_64/hwloc-1.11.8/lib -L/trinity/shared/apps/tr17.10/x86_64/pmix-2.1.1/lib -L/trinity/shared/apps/tr17.10/x86_64/gcc-7.2.0/lib64 -L/trinity/shared/apps/tr17.10/x86_64/gcc-7.2.0/lib -L/trinity/shared/apps/tr17.10/x86_64/gcc-7.2.0/lib/gcc/x86_64-redhat-linux/7.2.0/../../.. CMakeFiles/cmTC_9b931.dir/CMakeCCompilerABI.c.o -rpath /trinity/shared/apps/tr17.10/x86_64/hwloc-1.11.8/lib -rpath /trinity/shared/apps/tr17.10/x86_64/openmpi-gcc72-mlnx-3.0.0/lib --enable-new-dtags -lmpi -lgcc --as-needed -lgcc_s --no-as-needed -lpthread -lc -lgcc --as-needed -lgcc_s --no-as-needed /trinity/shared/apps/tr17.10/x86_64/gcc-7.2.0/lib/gcc/x86_64-redhat-linux/7.2.0/crtend.o /lib/../lib64/crtn.o
COLLECT_GCC_OPTIONS='-v' '-o' 'cmTC_9b931' '-I' '/trinity/shared/apps/tr17.10/x86_64/openmpi-gcc72-mlnx-3.0.0/include' '-pthread' '-L/trinity/shared/apps/tr17.10/x86_64/hwloc-1.11.8/lib' '-L/trinity/shared/apps/tr17.10/x86_64/openmpi-gcc72-mlnx-3.0.0/lib' '-mtune=generic' '-march=x86-64'
gmake[1]: Leaving directory `/trinity/home/lukas/temp/fixit5/build/CMakeFiles/CMakeTmp'



Parsed C implicit include dir info from above output: rv=done
  found start of include info
  found start of implicit include info
    add: [/trinity/shared/apps/tr17.10/x86_64/qt5-gcc72-5.9.3/include]
    add: [/trinity/shared/apps/tr17.10/x86_64/openmpi-gcc72-mlnx-3.0.0/include]
    add: [/trinity/shared/apps/tr17.10/x86_64/hwloc-1.11.8/include]
    add: [/trinity/shared/apps/tr17.10/x86_64/pmix-2.1.1/include]
    add: [/trinity/shared/apps/tr17.10/x86_64/gcc-7.2.0/include]
    add: [/trinity/shared/apps/tr17.10/x86_64/gcc-7.2.0/lib/gcc/x86_64-redhat-linux/7.2.0/include]
    add: [/usr/local/include]
    add: [/trinity/shared/apps/tr17.10/x86_64/gcc-7.2.0/lib/gcc/x86_64-redhat-linux/7.2.0/include-fixed]
    add: [/usr/include]
  end of search list found
  collapse include dir [/trinity/shared/apps/tr17.10/x86_64/qt5-gcc72-5.9.3/include] ==> [/trinity/shared/apps/tr17.10/x86_64/qt5-gcc72-5.9.3/include]
  collapse include dir [/trinity/shared/apps/tr17.10/x86_64/openmpi-gcc72-mlnx-3.0.0/include] ==> [/trinity/shared/apps/tr17.10/x86_64/openmpi-gcc72-mlnx-3.0.0/include]
  collapse include dir [/trinity/shared/apps/tr17.10/x86_64/hwloc-1.11.8/include] ==> [/trinity/shared/apps/tr17.10/x86_64/hwloc-1.11.8/include]
  collapse include dir [/trinity/shared/apps/tr17.10/x86_64/pmix-2.1.1/include] ==> [/trinity/shared/apps/tr17.10/x86_64/pmix-2.1.1/include]
  collapse include dir [/trinity/shared/apps/tr17.10/x86_64/gcc-7.2.0/include] ==> [/trinity/shared/apps/tr17.10/x86_64/gcc-7.2.0/include]
  collapse include dir [/trinity/shared/apps/tr17.10/x86_64/gcc-7.2.0/lib/gcc/x86_64-redhat-linux/7.2.0/include] ==> [/trinity/shared/apps/tr17.10/x86_64/gcc-7.2.0/lib/gcc/x86_64-redhat-linux/7.2.0/include]
  collapse include dir [/usr/local/include] ==> [/usr/local/include]
  collapse include dir [/trinity/shared/apps/tr17.10/x86_64/gcc-7.2.0/lib/gcc/x86_64-redhat-linux/7.2.0/include-fixed] ==> [/trinity/shared/apps/tr17.10/x86_64/gcc-7.2.0/lib/gcc/x86_64-redhat-linux/7.2.0/include-fixed]
  collapse include dir [/usr/include] ==> [/usr/include]
  implicit include dirs: [/trinity/shared/apps/tr17.10/x86_64/qt5-gcc72-5.9.3/include;/trinity/shared/apps/tr17.10/x86_64/openmpi-gcc72-mlnx-3.0.0/include;/trinity/shared/apps/tr17.10/x86_64/hwloc-1.11.8/include;/trinity/shared/apps/tr17.10/x86_64/pmix-2.1.1/include;/trinity/shared/apps/tr17.10/x86_64/gcc-7.2.0/include;/trinity/shared/apps/tr17.10/x86_64/gcc-7.2.0/lib/gcc/x86_64-redhat-linux/7.2.0/include;/usr/local/include;/trinity/shared/apps/tr17.10/x86_64/gcc-7.2.0/lib/gcc/x86_64-redhat-linux/7.2.0/include-fixed;/usr/include]


Parsed C implicit link information from above output:
  link line regex: [^( *|.*[/\])(ld|CMAKE_LINK_STARTFILE-NOTFOUND|([^/\]+-)?ld|collect2)[^/\]*( |$)]
  ignore line: [Change Dir: /trinity/home/lukas/temp/fixit5/build/CMakeFiles/CMakeTmp]
  ignore line: []
  ignore line: [Run Build Command(s):/usr/bin/gmake cmTC_9b931/fast && /usr/bin/gmake -f CMakeFiles/cmTC_9b931.dir/build.make CMakeFiles/cmTC_9b931.dir/build]
  ignore line: [gmake[1]: Entering directory `/trinity/home/lukas/temp/fixit5/build/CMakeFiles/CMakeTmp']
  ignore line: [Building C object CMakeFiles/cmTC_9b931.dir/CMakeCCompilerABI.c.o]
  ignore line: [/trinity/shared/apps/tr17.10/x86_64/openmpi-gcc72-mlnx-3.0.0/bin/mpicc   -v -o CMakeFiles/cmTC_9b931.dir/CMakeCCompilerABI.c.o   -c /trinity/opt/apps/software/cmake/cmake-3.16.1/Modules/CMakeCCompilerABI.c]
  ignore line: [Using built-in specs.]
  ignore line: [COLLECT_GCC=/trinity/shared/apps/tr17.10/x86_64/gcc-7.2.0/bin/gcc]
  ignore line: [Target: x86_64-redhat-linux]
  ignore line: [Configured with: ./configure --prefix=/trinity/shared/apps/tr17.10/x86_64/gcc-7.2.0 --enable-multilib --enable-lto --enable-libstdcxx --enable-bootstrap --enable-shared --enable-threads=posix --enable-checking=release --with-system-zlib --enable-__cxa_atexit --disable-libunwind-exceptions --enable-gnu-unique-object --enable-languages=c c++ objc obj-c++ fortran --with-ppl --with-cloog --without-isl --build=x86_64-redhat-linux]
  ignore line: [Thread model: posix]
  ignore line: [gcc version 7.2.0 (GCC) ]
  ignore line: [COLLECT_GCC_OPTIONS='-v' '-o' 'CMakeFiles/cmTC_9b931.dir/CMakeCCompilerABI.c.o' '-c' '-I' '/trinity/shared/apps/tr17.10/x86_64/openmpi-gcc72-mlnx-3.0.0/include' '-pthread' '-mtune=generic' '-march=x86-64']
  ignore line: [ /trinity/shared/apps/tr17.10/x86_64/gcc-7.2.0/libexec/gcc/x86_64-redhat-linux/7.2.0/cc1 -quiet -v -I /trinity/shared/apps/tr17.10/x86_64/openmpi-gcc72-mlnx-3.0.0/include -D_REENTRANT /trinity/opt/apps/software/cmake/cmake-3.16.1/Modules/CMakeCCompilerABI.c -quiet -dumpbase CMakeCCompilerABI.c -mtune=generic -march=x86-64 -auxbase-strip CMakeFiles/cmTC_9b931.dir/CMakeCCompilerABI.c.o -version -o /tmp/ccX64U0C.s]
  ignore line: [GNU C11 (GCC) version 7.2.0 (x86_64-redhat-linux)]
  ignore line: [	compiled by GNU C version 7.2.0  GMP version 6.1.0  MPFR version 3.1.4  MPC version 1.0.3  isl version none]
  ignore line: [GGC heuristics: --param ggc-min-expand=100 --param ggc-min-heapsize=131072]
  ignore line: [ignoring duplicate directory "/trinity/shared/apps/tr17.10/x86_64/gcc-7.2.0/include"]
  ignore line: [ignoring nonexistent directory "/trinity/shared/apps/tr17.10/x86_64/gcc-7.2.0/lib/gcc/x86_64-redhat-linux/7.2.0/../../../../x86_64-redhat-linux/include"]
  ignore line: [ignoring duplicate directory "/trinity/shared/apps/tr17.10/x86_64/openmpi-gcc72-mlnx-3.0.0/include"]
  ignore line: [  as it is a non-system directory that duplicates a system directory]
  ignore line: [ignoring duplicate directory "/trinity/shared/apps/tr17.10/x86_64/qt5-gcc72-5.9.3/include"]
  ignore line: [  as it is a non-system directory that duplicates a system directory]
  ignore line: [ignoring duplicate directory "/trinity/shared/apps/tr17.10/x86_64/openmpi-gcc72-mlnx-3.0.0/include"]
  ignore line: [  as it is a non-system directory that duplicates a system directory]
  ignore line: [ignoring duplicate directory "/trinity/shared/apps/tr17.10/x86_64/hwloc-1.11.8/include"]
  ignore line: [  as it is a non-system directory that duplicates a system directory]
  ignore line: [ignoring duplicate directory "/trinity/shared/apps/tr17.10/x86_64/pmix-2.1.1/include"]
  ignore line: [  as it is a non-system directory that duplicates a system directory]
  ignore line: [ignoring duplicate directory "/trinity/shared/apps/tr17.10/x86_64/gcc-7.2.0/include"]
  ignore line: [  as it is a non-system directory that duplicates a system directory]
  ignore line: [#include "..." search starts here:]
  ignore line: [#include <...> search starts here:]
  ignore line: [ /trinity/shared/apps/tr17.10/x86_64/qt5-gcc72-5.9.3/include]
  ignore line: [ /trinity/shared/apps/tr17.10/x86_64/openmpi-gcc72-mlnx-3.0.0/include]
  ignore line: [ /trinity/shared/apps/tr17.10/x86_64/hwloc-1.11.8/include]
  ignore line: [ /trinity/shared/apps/tr17.10/x86_64/pmix-2.1.1/include]
  ignore line: [ /trinity/shared/apps/tr17.10/x86_64/gcc-7.2.0/include]
  ignore line: [ /trinity/shared/apps/tr17.10/x86_64/gcc-7.2.0/lib/gcc/x86_64-redhat-linux/7.2.0/include]
  ignore line: [ /usr/local/include]
  ignore line: [ /trinity/shared/apps/tr17.10/x86_64/gcc-7.2.0/lib/gcc/x86_64-redhat-linux/7.2.0/include-fixed]
  ignore line: [ /usr/include]
  ignore line: [End of search list.]
  ignore line: [GNU C11 (GCC) version 7.2.0 (x86_64-redhat-linux)]
  ignore line: [	compiled by GNU C version 7.2.0  GMP version 6.1.0  MPFR version 3.1.4  MPC version 1.0.3  isl version none]
  ignore line: [GGC heuristics: --param ggc-min-expand=100 --param ggc-min-heapsize=131072]
  ignore line: [Compiler executable checksum: 7fef9a8e0260c96b7ff49c3fe8d0fbb8]
  ignore line: [COLLECT_GCC_OPTIONS='-v' '-o' 'CMakeFiles/cmTC_9b931.dir/CMakeCCompilerABI.c.o' '-c' '-I' '/trinity/shared/apps/tr17.10/x86_64/openmpi-gcc72-mlnx-3.0.0/include' '-pthread' '-mtune=generic' '-march=x86-64']
  ignore line: [ as -v -I /trinity/shared/apps/tr17.10/x86_64/openmpi-gcc72-mlnx-3.0.0/include --64 -o CMakeFiles/cmTC_9b931.dir/CMakeCCompilerABI.c.o /tmp/ccX64U0C.s]
  ignore line: [GNU assembler version 2.27 (x86_64-redhat-linux) using BFD version version 2.27-41.base.el7_7.1]
  ignore line: [COMPILER_PATH=/trinity/shared/apps/tr17.10/x86_64/gcc-7.2.0/libexec/gcc/x86_64-redhat-linux/7.2.0/:/trinity/shared/apps/tr17.10/x86_64/gcc-7.2.0/libexec/gcc/x86_64-redhat-linux/7.2.0/:/trinity/shared/apps/tr17.10/x86_64/gcc-7.2.0/libexec/gcc/x86_64-redhat-linux/:/trinity/shared/apps/tr17.10/x86_64/gcc-7.2.0/lib/gcc/x86_64-redhat-linux/7.2.0/:/trinity/shared/apps/tr17.10/x86_64/gcc-7.2.0/lib/gcc/x86_64-redhat-linux/]
  ignore line: [LIBRARY_PATH=/trinity/shared/apps/tr17.10/x86_64/lapack-gcc72-3.7.1/lib64/../lib64/:/trinity/shared/apps/tr17.10/x86_64/gcc-7.2.0/lib64/../lib64/:/trinity/shared/apps/tr17.10/x86_64/gcc-7.2.0/lib/../lib64/:/trinity/shared/apps/tr17.10/x86_64/gcc-7.2.0/lib/gcc/x86_64-redhat-linux/7.2.0/:/trinity/shared/apps/tr17.10/x86_64/gcc-7.2.0/lib/gcc/x86_64-redhat-linux/7.2.0/../../../../lib64/:/lib/../lib64/:/usr/lib/../lib64/:/trinity/shared/apps/tr17.10/x86_64/qt5-gcc72-5.9.3/lib/:/trinity/shared/apps/tr17.10/x86_64/lapack-gcc72-3.7.1/lib64/:/trinity/shared/apps/tr17.10/x86_64/blas-gcc72-3.7.1/lib/:/trinity/shared/apps/tr17.10/x86_64/openmpi-gcc72-mlnx-3.0.0/lib/:/trinity/shared/apps/tr17.10/x86_64/hwloc-1.11.8/lib/:/trinity/shared/apps/tr17.10/x86_64/pmix-2.1.1/lib/:/trinity/shared/apps/tr17.10/x86_64/gcc-7.2.0/lib64/:/trinity/shared/apps/tr17.10/x86_64/gcc-7.2.0/lib/:/trinity/shared/apps/tr17.10/x86_64/gcc-7.2.0/lib/gcc/x86_64-redhat-linux/7.2.0/../../../:/lib/:/usr/lib/]
  ignore line: [COLLECT_GCC_OPTIONS='-v' '-o' 'CMakeFiles/cmTC_9b931.dir/CMakeCCompilerABI.c.o' '-c' '-I' '/trinity/shared/apps/tr17.10/x86_64/openmpi-gcc72-mlnx-3.0.0/include' '-pthread' '-mtune=generic' '-march=x86-64']
  ignore line: [Linking C executable cmTC_9b931]
  ignore line: [/trinity/opt/apps/software/cmake/cmake-3.16.1/bin/cmake -E cmake_link_script CMakeFiles/cmTC_9b931.dir/link.txt --verbose=1]
  ignore line: [/trinity/shared/apps/tr17.10/x86_64/openmpi-gcc72-mlnx-3.0.0/bin/mpicc     -v CMakeFiles/cmTC_9b931.dir/CMakeCCompilerABI.c.o  -o cmTC_9b931 ]
  ignore line: [Using built-in specs.]
  ignore line: [COLLECT_GCC=/trinity/shared/apps/tr17.10/x86_64/gcc-7.2.0/bin/gcc]
  ignore line: [COLLECT_LTO_WRAPPER=/trinity/shared/apps/tr17.10/x86_64/gcc-7.2.0/libexec/gcc/x86_64-redhat-linux/7.2.0/lto-wrapper]
  ignore line: [Target: x86_64-redhat-linux]
  ignore line: [Configured with: ./configure --prefix=/trinity/shared/apps/tr17.10/x86_64/gcc-7.2.0 --enable-multilib --enable-lto --enable-libstdcxx --enable-bootstrap --enable-shared --enable-threads=posix --enable-checking=release --with-system-zlib --enable-__cxa_atexit --disable-libunwind-exceptions --enable-gnu-unique-object --enable-languages=c c++ objc obj-c++ fortran --with-ppl --with-cloog --without-isl --build=x86_64-redhat-linux]
  ignore line: [Thread model: posix]
  ignore line: [gcc version 7.2.0 (GCC) ]
  ignore line: [COMPILER_PATH=/trinity/shared/apps/tr17.10/x86_64/gcc-7.2.0/libexec/gcc/x86_64-redhat-linux/7.2.0/:/trinity/shared/apps/tr17.10/x86_64/gcc-7.2.0/libexec/gcc/x86_64-redhat-linux/7.2.0/:/trinity/shared/apps/tr17.10/x86_64/gcc-7.2.0/libexec/gcc/x86_64-redhat-linux/:/trinity/shared/apps/tr17.10/x86_64/gcc-7.2.0/lib/gcc/x86_64-redhat-linux/7.2.0/:/trinity/shared/apps/tr17.10/x86_64/gcc-7.2.0/lib/gcc/x86_64-redhat-linux/]
  ignore line: [LIBRARY_PATH=/trinity/shared/apps/tr17.10/x86_64/lapack-gcc72-3.7.1/lib64/../lib64/:/trinity/shared/apps/tr17.10/x86_64/gcc-7.2.0/lib64/../lib64/:/trinity/shared/apps/tr17.10/x86_64/gcc-7.2.0/lib/../lib64/:/trinity/shared/apps/tr17.10/x86_64/gcc-7.2.0/lib/gcc/x86_64-redhat-linux/7.2.0/:/trinity/shared/apps/tr17.10/x86_64/gcc-7.2.0/lib/gcc/x86_64-redhat-linux/7.2.0/../../../../lib64/:/lib/../lib64/:/usr/lib/../lib64/:/trinity/shared/apps/tr17.10/x86_64/qt5-gcc72-5.9.3/lib/:/trinity/shared/apps/tr17.10/x86_64/lapack-gcc72-3.7.1/lib64/:/trinity/shared/apps/tr17.10/x86_64/blas-gcc72-3.7.1/lib/:/trinity/shared/apps/tr17.10/x86_64/openmpi-gcc72-mlnx-3.0.0/lib/:/trinity/shared/apps/tr17.10/x86_64/hwloc-1.11.8/lib/:/trinity/shared/apps/tr17.10/x86_64/pmix-2.1.1/lib/:/trinity/shared/apps/tr17.10/x86_64/gcc-7.2.0/lib64/:/trinity/shared/apps/tr17.10/x86_64/gcc-7.2.0/lib/:/trinity/shared/apps/tr17.10/x86_64/gcc-7.2.0/lib/gcc/x86_64-redhat-linux/7.2.0/../../../:/lib/:/usr/lib/]
  ignore line: [COLLECT_GCC_OPTIONS='-v' '-o' 'cmTC_9b931' '-I' '/trinity/shared/apps/tr17.10/x86_64/openmpi-gcc72-mlnx-3.0.0/include' '-pthread' '-L/trinity/shared/apps/tr17.10/x86_64/hwloc-1.11.8/lib' '-L/trinity/shared/apps/tr17.10/x86_64/openmpi-gcc72-mlnx-3.0.0/lib' '-mtune=generic' '-march=x86-64']
  link line: [ /trinity/shared/apps/tr17.10/x86_64/gcc-7.2.0/libexec/gcc/x86_64-redhat-linux/7.2.0/collect2 -plugin /trinity/shared/apps/tr17.10/x86_64/gcc-7.2.0/libexec/gcc/x86_64-redhat-linux/7.2.0/liblto_plugin.so -plugin-opt=/trinity/shared/apps/tr17.10/x86_64/gcc-7.2.0/libexec/gcc/x86_64-redhat-linux/7.2.0/lto-wrapper -plugin-opt=-fresolution=/tmp/cc9UFkJE.res -plugin-opt=-pass-through=-lgcc -plugin-opt=-pass-through=-lgcc_s -plugin-opt=-pass-through=-lpthread -plugin-opt=-pass-through=-lc -plugin-opt=-pass-through=-lgcc -plugin-opt=-pass-through=-lgcc_s --eh-frame-hdr -m elf_x86_64 -dynamic-linker /lib64/ld-linux-x86-64.so.2 -o cmTC_9b931 /lib/../lib64/crt1.o /lib/../lib64/crti.o /trinity/shared/apps/tr17.10/x86_64/gcc-7.2.0/lib/gcc/x86_64-redhat-linux/7.2.0/crtbegin.o -L/trinity/shared/apps/tr17.10/x86_64/hwloc-1.11.8/lib -L/trinity/shared/apps/tr17.10/x86_64/openmpi-gcc72-mlnx-3.0.0/lib -L/trinity/shared/apps/tr17.10/x86_64/lapack-gcc72-3.7.1/lib64/../lib64 -L/trinity/shared/apps/tr17.10/x86_64/gcc-7.2.0/lib64/../lib64 -L/trinity/shared/apps/tr17.10/x86_64/gcc-7.2.0/lib/../lib64 -L/trinity/shared/apps/tr17.10/x86_64/gcc-7.2.0/lib/gcc/x86_64-redhat-linux/7.2.0 -L/trinity/shared/apps/tr17.10/x86_64/gcc-7.2.0/lib/gcc/x86_64-redhat-linux/7.2.0/../../../../lib64 -L/lib/../lib64 -L/usr/lib/../lib64 -L/trinity/shared/apps/tr17.10/x86_64/qt5-gcc72-5.9.3/lib -L/trinity/shared/apps/tr17.10/x86_64/lapack-gcc72-3.7.1/lib64 -L/trinity/shared/apps/tr17.10/x86_64/blas-gcc72-3.7.1/lib -L/trinity/shared/apps/tr17.10/x86_64/openmpi-gcc72-mlnx-3.0.0/lib -L/trinity/shared/apps/tr17.10/x86_64/hwloc-1.11.8/lib -L/trinity/shared/apps/tr17.10/x86_64/pmix-2.1.1/lib -L/trinity/shared/apps/tr17.10/x86_64/gcc-7.2.0/lib64 -L/trinity/shared/apps/tr17.10/x86_64/gcc-7.2.0/lib -L/trinity/shared/apps/tr17.10/x86_64/gcc-7.2.0/lib/gcc/x86_64-redhat-linux/7.2.0/../../.. CMakeFiles/cmTC_9b931.dir/CMakeCCompilerABI.c.o -rpath /trinity/shared/apps/tr17.10/x86_64/hwloc-1.11.8/lib -rpath /trinity/shared/apps/tr17.10/x86_64/openmpi-gcc72-mlnx-3.0.0/lib --enable-new-dtags -lmpi -lgcc --as-needed -lgcc_s --no-as-needed -lpthread -lc -lgcc --as-needed -lgcc_s --no-as-needed /trinity/shared/apps/tr17.10/x86_64/gcc-7.2.0/lib/gcc/x86_64-redhat-linux/7.2.0/crtend.o /lib/../lib64/crtn.o]
    arg [/trinity/shared/apps/tr17.10/x86_64/gcc-7.2.0/libexec/gcc/x86_64-redhat-linux/7.2.0/collect2] ==> ignore
    arg [-plugin] ==> ignore
    arg [/trinity/shared/apps/tr17.10/x86_64/gcc-7.2.0/libexec/gcc/x86_64-redhat-linux/7.2.0/liblto_plugin.so] ==> ignore
    arg [-plugin-opt=/trinity/shared/apps/tr17.10/x86_64/gcc-7.2.0/libexec/gcc/x86_64-redhat-linux/7.2.0/lto-wrapper] ==> ignore
    arg [-plugin-opt=-fresolution=/tmp/cc9UFkJE.res] ==> ignore
    arg [-plugin-opt=-pass-through=-lgcc] ==> ignore
    arg [-plugin-opt=-pass-through=-lgcc_s] ==> ignore
    arg [-plugin-opt=-pass-through=-lpthread] ==> ignore
    arg [-plugin-opt=-pass-through=-lc] ==> ignore
    arg [-plugin-opt=-pass-through=-lgcc] ==> ignore
    arg [-plugin-opt=-pass-through=-lgcc_s] ==> ignore
    arg [--eh-frame-hdr] ==> ignore
    arg [-m] ==> ignore
    arg [elf_x86_64] ==> ignore
    arg [-dynamic-linker] ==> ignore
    arg [/lib64/ld-linux-x86-64.so.2] ==> ignore
    arg [-o] ==> ignore
    arg [cmTC_9b931] ==> ignore
    arg [/lib/../lib64/crt1.o] ==> ignore
    arg [/lib/../lib64/crti.o] ==> ignore
    arg [/trinity/shared/apps/tr17.10/x86_64/gcc-7.2.0/lib/gcc/x86_64-redhat-linux/7.2.0/crtbegin.o] ==> ignore
    arg [-L/trinity/shared/apps/tr17.10/x86_64/hwloc-1.11.8/lib] ==> dir [/trinity/shared/apps/tr17.10/x86_64/hwloc-1.11.8/lib]
    arg [-L/trinity/shared/apps/tr17.10/x86_64/openmpi-gcc72-mlnx-3.0.0/lib] ==> dir [/trinity/shared/apps/tr17.10/x86_64/openmpi-gcc72-mlnx-3.0.0/lib]
    arg [-L/trinity/shared/apps/tr17.10/x86_64/lapack-gcc72-3.7.1/lib64/../lib64] ==> dir [/trinity/shared/apps/tr17.10/x86_64/lapack-gcc72-3.7.1/lib64/../lib64]
    arg [-L/trinity/shared/apps/tr17.10/x86_64/gcc-7.2.0/lib64/../lib64] ==> dir [/trinity/shared/apps/tr17.10/x86_64/gcc-7.2.0/lib64/../lib64]
    arg [-L/trinity/shared/apps/tr17.10/x86_64/gcc-7.2.0/lib/../lib64] ==> dir [/trinity/shared/apps/tr17.10/x86_64/gcc-7.2.0/lib/../lib64]
    arg [-L/trinity/shared/apps/tr17.10/x86_64/gcc-7.2.0/lib/gcc/x86_64-redhat-linux/7.2.0] ==> dir [/trinity/shared/apps/tr17.10/x86_64/gcc-7.2.0/lib/gcc/x86_64-redhat-linux/7.2.0]
    arg [-L/trinity/shared/apps/tr17.10/x86_64/gcc-7.2.0/lib/gcc/x86_64-redhat-linux/7.2.0/../../../../lib64] ==> dir [/trinity/shared/apps/tr17.10/x86_64/gcc-7.2.0/lib/gcc/x86_64-redhat-linux/7.2.0/../../../../lib64]
    arg [-L/lib/../lib64] ==> dir [/lib/../lib64]
    arg [-L/usr/lib/../lib64] ==> dir [/usr/lib/../lib64]
    arg [-L/trinity/shared/apps/tr17.10/x86_64/qt5-gcc72-5.9.3/lib] ==> dir [/trinity/shared/apps/tr17.10/x86_64/qt5-gcc72-5.9.3/lib]
    arg [-L/trinity/shared/apps/tr17.10/x86_64/lapack-gcc72-3.7.1/lib64] ==> dir [/trinity/shared/apps/tr17.10/x86_64/lapack-gcc72-3.7.1/lib64]
    arg [-L/trinity/shared/apps/tr17.10/x86_64/blas-gcc72-3.7.1/lib] ==> dir [/trinity/shared/apps/tr17.10/x86_64/blas-gcc72-3.7.1/lib]
    arg [-L/trinity/shared/apps/tr17.10/x86_64/openmpi-gcc72-mlnx-3.0.0/lib] ==> dir [/trinity/shared/apps/tr17.10/x86_64/openmpi-gcc72-mlnx-3.0.0/lib]
    arg [-L/trinity/shared/apps/tr17.10/x86_64/hwloc-1.11.8/lib] ==> dir [/trinity/shared/apps/tr17.10/x86_64/hwloc-1.11.8/lib]
    arg [-L/trinity/shared/apps/tr17.10/x86_64/pmix-2.1.1/lib] ==> dir [/trinity/shared/apps/tr17.10/x86_64/pmix-2.1.1/lib]
    arg [-L/trinity/shared/apps/tr17.10/x86_64/gcc-7.2.0/lib64] ==> dir [/trinity/shared/apps/tr17.10/x86_64/gcc-7.2.0/lib64]
    arg [-L/trinity/shared/apps/tr17.10/x86_64/gcc-7.2.0/lib] ==> dir [/trinity/shared/apps/tr17.10/x86_64/gcc-7.2.0/lib]
    arg [-L/trinity/shared/apps/tr17.10/x86_64/gcc-7.2.0/lib/gcc/x86_64-redhat-linux/7.2.0/../../..] ==> dir [/trinity/shared/apps/tr17.10/x86_64/gcc-7.2.0/lib/gcc/x86_64-redhat-linux/7.2.0/../../..]
    arg [CMakeFiles/cmTC_9b931.dir/CMakeCCompilerABI.c.o] ==> ignore
    arg [-rpath] ==> ignore
    arg [/trinity/shared/apps/tr17.10/x86_64/hwloc-1.11.8/lib] ==> ignore
    arg [-rpath] ==> ignore
    arg [/trinity/shared/apps/tr17.10/x86_64/openmpi-gcc72-mlnx-3.0.0/lib] ==> ignore
    arg [--enable-new-dtags] ==> ignore
    arg [-lmpi] ==> lib [mpi]
    arg [-lgcc] ==> lib [gcc]
    arg [--as-needed] ==> ignore
    arg [-lgcc_s] ==> lib [gcc_s]
    arg [--no-as-needed] ==> ignore
    arg [-lpthread] ==> lib [pthread]
    arg [-lc] ==> lib [c]
    arg [-lgcc] ==> lib [gcc]
    arg [--as-needed] ==> ignore
    arg [-lgcc_s] ==> lib [gcc_s]
    arg [--no-as-needed] ==> ignore
    arg [/trinity/shared/apps/tr17.10/x86_64/gcc-7.2.0/lib/gcc/x86_64-redhat-linux/7.2.0/crtend.o] ==> ignore
    arg [/lib/../lib64/crtn.o] ==> ignore
  collapse library dir [/trinity/shared/apps/tr17.10/x86_64/hwloc-1.11.8/lib] ==> [/trinity/shared/apps/tr17.10/x86_64/hwloc-1.11.8/lib]
  collapse library dir [/trinity/shared/apps/tr17.10/x86_64/openmpi-gcc72-mlnx-3.0.0/lib] ==> [/trinity/shared/apps/tr17.10/x86_64/openmpi-gcc72-mlnx-3.0.0/lib]
  collapse library dir [/trinity/shared/apps/tr17.10/x86_64/lapack-gcc72-3.7.1/lib64/../lib64] ==> [/trinity/shared/apps/tr17.10/x86_64/lapack-gcc72-3.7.1/lib64]
  collapse library dir [/trinity/shared/apps/tr17.10/x86_64/gcc-7.2.0/lib64/../lib64] ==> [/trinity/shared/apps/tr17.10/x86_64/gcc-7.2.0/lib64]
  collapse library dir [/trinity/shared/apps/tr17.10/x86_64/gcc-7.2.0/lib/../lib64] ==> [/trinity/shared/apps/tr17.10/x86_64/gcc-7.2.0/lib64]
  collapse library dir [/trinity/shared/apps/tr17.10/x86_64/gcc-7.2.0/lib/gcc/x86_64-redhat-linux/7.2.0] ==> [/trinity/shared/apps/tr17.10/x86_64/gcc-7.2.0/lib/gcc/x86_64-redhat-linux/7.2.0]
  collapse library dir [/trinity/shared/apps/tr17.10/x86_64/gcc-7.2.0/lib/gcc/x86_64-redhat-linux/7.2.0/../../../../lib64] ==> [/trinity/shared/apps/tr17.10/x86_64/gcc-7.2.0/lib64]
  collapse library dir [/lib/../lib64] ==> [/lib64]
  collapse library dir [/usr/lib/../lib64] ==> [/usr/lib64]
  collapse library dir [/trinity/shared/apps/tr17.10/x86_64/qt5-gcc72-5.9.3/lib] ==> [/trinity/shared/apps/tr17.10/x86_64/qt5-gcc72-5.9.3/lib]
  collapse library dir [/trinity/shared/apps/tr17.10/x86_64/lapack-gcc72-3.7.1/lib64] ==> [/trinity/shared/apps/tr17.10/x86_64/lapack-gcc72-3.7.1/lib64]
  collapse library dir [/trinity/shared/apps/tr17.10/x86_64/blas-gcc72-3.7.1/lib] ==> [/trinity/shared/apps/tr17.10/x86_64/blas-gcc72-3.7.1/lib]
  collapse library dir [/trinity/shared/apps/tr17.10/x86_64/openmpi-gcc72-mlnx-3.0.0/lib] ==> [/trinity/shared/apps/tr17.10/x86_64/openmpi-gcc72-mlnx-3.0.0/lib]
  collapse library dir [/trinity/shared/apps/tr17.10/x86_64/hwloc-1.11.8/lib] ==> [/trinity/shared/apps/tr17.10/x86_64/hwloc-1.11.8/lib]
  collapse library dir [/trinity/shared/apps/tr17.10/x86_64/pmix-2.1.1/lib] ==> [/trinity/shared/apps/tr17.10/x86_64/pmix-2.1.1/lib]
  collapse library dir [/trinity/shared/apps/tr17.10/x86_64/gcc-7.2.0/lib64] ==> [/trinity/shared/apps/tr17.10/x86_64/gcc-7.2.0/lib64]
  collapse library dir [/trinity/shared/apps/tr17.10/x86_64/gcc-7.2.0/lib] ==> [/trinity/shared/apps/tr17.10/x86_64/gcc-7.2.0/lib]
  collapse library dir [/trinity/shared/apps/tr17.10/x86_64/gcc-7.2.0/lib/gcc/x86_64-redhat-linux/7.2.0/../../..] ==> [/trinity/shared/apps/tr17.10/x86_64/gcc-7.2.0/lib]
  implicit libs: [mpi;gcc;gcc_s;pthread;c;gcc;gcc_s]
  implicit dirs: [/trinity/shared/apps/tr17.10/x86_64/hwloc-1.11.8/lib;/trinity/shared/apps/tr17.10/x86_64/openmpi-gcc72-mlnx-3.0.0/lib;/trinity/shared/apps/tr17.10/x86_64/lapack-gcc72-3.7.1/lib64;/trinity/shared/apps/tr17.10/x86_64/gcc-7.2.0/lib64;/trinity/shared/apps/tr17.10/x86_64/gcc-7.2.0/lib/gcc/x86_64-redhat-linux/7.2.0;/lib64;/usr/lib64;/trinity/shared/apps/tr17.10/x86_64/qt5-gcc72-5.9.3/lib;/trinity/shared/apps/tr17.10/x86_64/blas-gcc72-3.7.1/lib;/trinity/shared/apps/tr17.10/x86_64/pmix-2.1.1/lib;/trinity/shared/apps/tr17.10/x86_64/gcc-7.2.0/lib]
  implicit fwks: []


Determining if the Fortran compiler works passed with the following output:
Change Dir: /trinity/home/lukas/temp/fixit5/build/CMakeFiles/CMakeTmp

Run Build Command(s):/usr/bin/gmake cmTC_e22cd/fast && /usr/bin/gmake -f CMakeFiles/cmTC_e22cd.dir/build.make CMakeFiles/cmTC_e22cd.dir/build
gmake[1]: Entering directory `/trinity/home/lukas/temp/fixit5/build/CMakeFiles/CMakeTmp'
Building Fortran object CMakeFiles/cmTC_e22cd.dir/testFortranCompiler.f.o
/trinity/shared/apps/tr17.10/x86_64/openmpi-gcc72-mlnx-3.0.0/bin/mpif90    -c /trinity/home/lukas/temp/fixit5/build/CMakeFiles/CMakeTmp/testFortranCompiler.f -o CMakeFiles/cmTC_e22cd.dir/testFortranCompiler.f.o
Linking Fortran executable cmTC_e22cd
/trinity/opt/apps/software/cmake/cmake-3.16.1/bin/cmake -E cmake_link_script CMakeFiles/cmTC_e22cd.dir/link.txt --verbose=1
/trinity/shared/apps/tr17.10/x86_64/openmpi-gcc72-mlnx-3.0.0/bin/mpif90      CMakeFiles/cmTC_e22cd.dir/testFortranCompiler.f.o  -o cmTC_e22cd 
gmake[1]: Leaving directory `/trinity/home/lukas/temp/fixit5/build/CMakeFiles/CMakeTmp'



Detecting Fortran compiler ABI info compiled with the following output:
Change Dir: /trinity/home/lukas/temp/fixit5/build/CMakeFiles/CMakeTmp

Run Build Command(s):/usr/bin/gmake cmTC_4b0ae/fast && /usr/bin/gmake -f CMakeFiles/cmTC_4b0ae.dir/build.make CMakeFiles/cmTC_4b0ae.dir/build
gmake[1]: Entering directory `/trinity/home/lukas/temp/fixit5/build/CMakeFiles/CMakeTmp'
Building Fortran object CMakeFiles/cmTC_4b0ae.dir/CMakeFortranCompilerABI.F.o
/trinity/shared/apps/tr17.10/x86_64/openmpi-gcc72-mlnx-3.0.0/bin/mpif90   -v -c /trinity/opt/apps/software/cmake/cmake-3.16.1/Modules/CMakeFortranCompilerABI.F -o CMakeFiles/cmTC_4b0ae.dir/CMakeFortranCompilerABI.F.o
Using built-in specs.
COLLECT_GCC=/trinity/shared/apps/tr17.10/x86_64/gcc-7.2.0/bin/gfortran
Target: x86_64-redhat-linux
Configured with: ./configure --prefix=/trinity/shared/apps/tr17.10/x86_64/gcc-7.2.0 --enable-multilib --enable-lto --enable-libstdcxx --enable-bootstrap --enable-shared --enable-threads=posix --enable-checking=release --with-system-zlib --enable-__cxa_atexit --disable-libunwind-exceptions --enable-gnu-unique-object --enable-languages=c,c++,objc,obj-c++,fortran --with-ppl --with-cloog --without-isl --build=x86_64-redhat-linux
Thread model: posix
gcc version 7.2.0 (GCC) 
COLLECT_GCC_OPTIONS='-v' '-c' '-o' 'CMakeFiles/cmTC_4b0ae.dir/CMakeFortranCompilerABI.F.o' '-I' '/trinity/shared/apps/tr17.10/x86_64/openmpi-gcc72-mlnx-3.0.0/include' '-pthread' '-I' '/trinity/shared/apps/tr17.10/x86_64/openmpi-gcc72-mlnx-3.0.0/lib' '-mtune=generic' '-march=x86-64'
 /trinity/shared/apps/tr17.10/x86_64/gcc-7.2.0/libexec/gcc/x86_64-redhat-linux/7.2.0/f951 /trinity/opt/apps/software/cmake/cmake-3.16.1/Modules/CMakeFortranCompilerABI.F -ffixed-form -cpp=/tmp/ccgds8jq.f90 -quiet -v -I /trinity/shared/apps/tr17.10/x86_64/openmpi-gcc72-mlnx-3.0.0/include -I /trinity/shared/apps/tr17.10/x86_64/openmpi-gcc72-mlnx-3.0.0/lib -D_REENTRANT /trinity/opt/apps/software/cmake/cmake-3.16.1/Modules/CMakeFortranCompilerABI.F -quiet -dumpbase CMakeFortranCompilerABI.F -mtune=generic -march=x86-64 -auxbase-strip CMakeFiles/cmTC_4b0ae.dir/CMakeFortranCompilerABI.F.o -version -fintrinsic-modules-path /trinity/shared/apps/tr17.10/x86_64/gcc-7.2.0/lib/gcc/x86_64-redhat-linux/7.2.0/finclude -o /tmp/ccTmiaHQ.s
GNU Fortran (GCC) version 7.2.0 (x86_64-redhat-linux)
	compiled by GNU C version 7.2.0, GMP version 6.1.0, MPFR version 3.1.4, MPC version 1.0.3, isl version none
GGC heuristics: --param ggc-min-expand=100 --param ggc-min-heapsize=131072
ignoring duplicate directory "/trinity/shared/apps/tr17.10/x86_64/gcc-7.2.0/include"
ignoring nonexistent directory "/trinity/shared/apps/tr17.10/x86_64/gcc-7.2.0/lib/gcc/x86_64-redhat-linux/7.2.0/../../../../x86_64-redhat-linux/include"
ignoring duplicate directory "/trinity/shared/apps/tr17.10/x86_64/openmpi-gcc72-mlnx-3.0.0/include"
  as it is a non-system directory that duplicates a system directory
ignoring duplicate directory "/trinity/shared/apps/tr17.10/x86_64/qt5-gcc72-5.9.3/include"
  as it is a non-system directory that duplicates a system directory
ignoring duplicate directory "/trinity/shared/apps/tr17.10/x86_64/openmpi-gcc72-mlnx-3.0.0/include"
  as it is a non-system directory that duplicates a system directory
ignoring duplicate directory "/trinity/shared/apps/tr17.10/x86_64/hwloc-1.11.8/include"
  as it is a non-system directory that duplicates a system directory
ignoring duplicate directory "/trinity/shared/apps/tr17.10/x86_64/pmix-2.1.1/include"
  as it is a non-system directory that duplicates a system directory
ignoring duplicate directory "/trinity/shared/apps/tr17.10/x86_64/gcc-7.2.0/include"
  as it is a non-system directory that duplicates a system directory
#include "..." search starts here:
#include <...> search starts here:
 /trinity/shared/apps/tr17.10/x86_64/openmpi-gcc72-mlnx-3.0.0/lib
 /trinity/shared/apps/tr17.10/x86_64/gcc-7.2.0/lib/gcc/x86_64-redhat-linux/7.2.0/finclude
 /trinity/shared/apps/tr17.10/x86_64/qt5-gcc72-5.9.3/include
 /trinity/shared/apps/tr17.10/x86_64/openmpi-gcc72-mlnx-3.0.0/include
 /trinity/shared/apps/tr17.10/x86_64/hwloc-1.11.8/include
 /trinity/shared/apps/tr17.10/x86_64/pmix-2.1.1/include
 /trinity/shared/apps/tr17.10/x86_64/gcc-7.2.0/include
 /trinity/shared/apps/tr17.10/x86_64/gcc-7.2.0/lib/gcc/x86_64-redhat-linux/7.2.0/include
 /usr/local/include
 /trinity/shared/apps/tr17.10/x86_64/gcc-7.2.0/lib/gcc/x86_64-redhat-linux/7.2.0/include-fixed
 /usr/include
End of search list.
GNU Fortran2008 (GCC) version 7.2.0 (x86_64-redhat-linux)
	compiled by GNU C version 7.2.0, GMP version 6.1.0, MPFR version 3.1.4, MPC version 1.0.3, isl version none
GGC heuristics: --param ggc-min-expand=100 --param ggc-min-heapsize=131072
COLLECT_GCC_OPTIONS='-v' '-c' '-o' 'CMakeFiles/cmTC_4b0ae.dir/CMakeFortranCompilerABI.F.o' '-I' '/trinity/shared/apps/tr17.10/x86_64/openmpi-gcc72-mlnx-3.0.0/include' '-pthread' '-I' '/trinity/shared/apps/tr17.10/x86_64/openmpi-gcc72-mlnx-3.0.0/lib' '-mtune=generic' '-march=x86-64'
 as -v -I /trinity/shared/apps/tr17.10/x86_64/openmpi-gcc72-mlnx-3.0.0/include -I /trinity/shared/apps/tr17.10/x86_64/openmpi-gcc72-mlnx-3.0.0/lib --64 -o CMakeFiles/cmTC_4b0ae.dir/CMakeFortranCompilerABI.F.o /tmp/ccTmiaHQ.s
GNU assembler version 2.27 (x86_64-redhat-linux) using BFD version version 2.27-41.base.el7_7.1
COMPILER_PATH=/trinity/shared/apps/tr17.10/x86_64/gcc-7.2.0/libexec/gcc/x86_64-redhat-linux/7.2.0/:/trinity/shared/apps/tr17.10/x86_64/gcc-7.2.0/libexec/gcc/x86_64-redhat-linux/7.2.0/:/trinity/shared/apps/tr17.10/x86_64/gcc-7.2.0/libexec/gcc/x86_64-redhat-linux/:/trinity/shared/apps/tr17.10/x86_64/gcc-7.2.0/lib/gcc/x86_64-redhat-linux/7.2.0/:/trinity/shared/apps/tr17.10/x86_64/gcc-7.2.0/lib/gcc/x86_64-redhat-linux/
LIBRARY_PATH=/trinity/shared/apps/tr17.10/x86_64/lapack-gcc72-3.7.1/lib64/../lib64/:/trinity/shared/apps/tr17.10/x86_64/gcc-7.2.0/lib64/../lib64/:/trinity/shared/apps/tr17.10/x86_64/gcc-7.2.0/lib/../lib64/:/trinity/shared/apps/tr17.10/x86_64/gcc-7.2.0/lib/gcc/x86_64-redhat-linux/7.2.0/:/trinity/shared/apps/tr17.10/x86_64/gcc-7.2.0/lib/gcc/x86_64-redhat-linux/7.2.0/../../../../lib64/:/lib/../lib64/:/usr/lib/../lib64/:/trinity/shared/apps/tr17.10/x86_64/qt5-gcc72-5.9.3/lib/:/trinity/shared/apps/tr17.10/x86_64/lapack-gcc72-3.7.1/lib64/:/trinity/shared/apps/tr17.10/x86_64/blas-gcc72-3.7.1/lib/:/trinity/shared/apps/tr17.10/x86_64/openmpi-gcc72-mlnx-3.0.0/lib/:/trinity/shared/apps/tr17.10/x86_64/hwloc-1.11.8/lib/:/trinity/shared/apps/tr17.10/x86_64/pmix-2.1.1/lib/:/trinity/shared/apps/tr17.10/x86_64/gcc-7.2.0/lib64/:/trinity/shared/apps/tr17.10/x86_64/gcc-7.2.0/lib/:/trinity/shared/apps/tr17.10/x86_64/gcc-7.2.0/lib/gcc/x86_64-redhat-linux/7.2.0/../../../:/lib/:/usr/lib/
COLLECT_GCC_OPTIONS='-v' '-c' '-o' 'CMakeFiles/cmTC_4b0ae.dir/CMakeFortranCompilerABI.F.o' '-I' '/trinity/shared/apps/tr17.10/x86_64/openmpi-gcc72-mlnx-3.0.0/include' '-pthread' '-I' '/trinity/shared/apps/tr17.10/x86_64/openmpi-gcc72-mlnx-3.0.0/lib' '-mtune=generic' '-march=x86-64'
Linking Fortran executable cmTC_4b0ae
/trinity/opt/apps/software/cmake/cmake-3.16.1/bin/cmake -E cmake_link_script CMakeFiles/cmTC_4b0ae.dir/link.txt --verbose=1
/trinity/shared/apps/tr17.10/x86_64/openmpi-gcc72-mlnx-3.0.0/bin/mpif90   -v   CMakeFiles/cmTC_4b0ae.dir/CMakeFortranCompilerABI.F.o  -o cmTC_4b0ae 
Driving: /trinity/shared/apps/tr17.10/x86_64/gcc-7.2.0/bin/gfortran -v CMakeFiles/cmTC_4b0ae.dir/CMakeFortranCompilerABI.F.o -o cmTC_4b0ae -I/trinity/shared/apps/tr17.10/x86_64/openmpi-gcc72-mlnx-3.0.0/include -pthread -I/trinity/shared/apps/tr17.10/x86_64/openmpi-gcc72-mlnx-3.0.0/lib -L/trinity/shared/apps/tr17.10/x86_64/hwloc-1.11.8/lib -Wl,-rpath -Wl,/trinity/shared/apps/tr17.10/x86_64/hwloc-1.11.8/lib -Wl,-rpath -Wl,/trinity/shared/apps/tr17.10/x86_64/openmpi-gcc72-mlnx-3.0.0/lib -Wl,--enable-new-dtags -L/trinity/shared/apps/tr17.10/x86_64/openmpi-gcc72-mlnx-3.0.0/lib -lmpi_usempif08 -lmpi_usempi_ignore_tkr -lmpi_mpifh -lmpi -l gfortran -l m -shared-libgcc
Using built-in specs.
COLLECT_GCC=/trinity/shared/apps/tr17.10/x86_64/gcc-7.2.0/bin/gfortran
COLLECT_LTO_WRAPPER=/trinity/shared/apps/tr17.10/x86_64/gcc-7.2.0/libexec/gcc/x86_64-redhat-linux/7.2.0/lto-wrapper
Target: x86_64-redhat-linux
Configured with: ./configure --prefix=/trinity/shared/apps/tr17.10/x86_64/gcc-7.2.0 --enable-multilib --enable-lto --enable-libstdcxx --enable-bootstrap --enable-shared --enable-threads=posix --enable-checking=release --with-system-zlib --enable-__cxa_atexit --disable-libunwind-exceptions --enable-gnu-unique-object --enable-languages=c,c++,objc,obj-c++,fortran --with-ppl --with-cloog --without-isl --build=x86_64-redhat-linux
Thread model: posix
gcc version 7.2.0 (GCC) 
Reading specs from /trinity/shared/apps/tr17.10/x86_64/gcc-7.2.0/lib64/../lib64/libgfortran.spec
rename spec lib to liborig
COLLECT_GCC_OPTIONS='-v' '-o' 'cmTC_4b0ae' '-I' '/trinity/shared/apps/tr17.10/x86_64/openmpi-gcc72-mlnx-3.0.0/include' '-pthread' '-I' '/trinity/shared/apps/tr17.10/x86_64/openmpi-gcc72-mlnx-3.0.0/lib' '-L/trinity/shared/apps/tr17.10/x86_64/hwloc-1.11.8/lib' '-L/trinity/shared/apps/tr17.10/x86_64/openmpi-gcc72-mlnx-3.0.0/lib' '-shared-libgcc' '-mtune=generic' '-march=x86-64'
COMPILER_PATH=/trinity/shared/apps/tr17.10/x86_64/gcc-7.2.0/libexec/gcc/x86_64-redhat-linux/7.2.0/:/trinity/shared/apps/tr17.10/x86_64/gcc-7.2.0/libexec/gcc/x86_64-redhat-linux/7.2.0/:/trinity/shared/apps/tr17.10/x86_64/gcc-7.2.0/libexec/gcc/x86_64-redhat-linux/:/trinity/shared/apps/tr17.10/x86_64/gcc-7.2.0/lib/gcc/x86_64-redhat-linux/7.2.0/:/trinity/shared/apps/tr17.10/x86_64/gcc-7.2.0/lib/gcc/x86_64-redhat-linux/
LIBRARY_PATH=/trinity/shared/apps/tr17.10/x86_64/lapack-gcc72-3.7.1/lib64/../lib64/:/trinity/shared/apps/tr17.10/x86_64/gcc-7.2.0/lib64/../lib64/:/trinity/shared/apps/tr17.10/x86_64/gcc-7.2.0/lib/../lib64/:/trinity/shared/apps/tr17.10/x86_64/gcc-7.2.0/lib/gcc/x86_64-redhat-linux/7.2.0/:/trinity/shared/apps/tr17.10/x86_64/gcc-7.2.0/lib/gcc/x86_64-redhat-linux/7.2.0/../../../../lib64/:/lib/../lib64/:/usr/lib/../lib64/:/trinity/shared/apps/tr17.10/x86_64/qt5-gcc72-5.9.3/lib/:/trinity/shared/apps/tr17.10/x86_64/lapack-gcc72-3.7.1/lib64/:/trinity/shared/apps/tr17.10/x86_64/blas-gcc72-3.7.1/lib/:/trinity/shared/apps/tr17.10/x86_64/openmpi-gcc72-mlnx-3.0.0/lib/:/trinity/shared/apps/tr17.10/x86_64/hwloc-1.11.8/lib/:/trinity/shared/apps/tr17.10/x86_64/pmix-2.1.1/lib/:/trinity/shared/apps/tr17.10/x86_64/gcc-7.2.0/lib64/:/trinity/shared/apps/tr17.10/x86_64/gcc-7.2.0/lib/:/trinity/shared/apps/tr17.10/x86_64/gcc-7.2.0/lib/gcc/x86_64-redhat-linux/7.2.0/../../../:/lib/:/usr/lib/
COLLECT_GCC_OPTIONS='-v' '-o' 'cmTC_4b0ae' '-I' '/trinity/shared/apps/tr17.10/x86_64/openmpi-gcc72-mlnx-3.0.0/include' '-pthread' '-I' '/trinity/shared/apps/tr17.10/x86_64/openmpi-gcc72-mlnx-3.0.0/lib' '-L/trinity/shared/apps/tr17.10/x86_64/hwloc-1.11.8/lib' '-L/trinity/shared/apps/tr17.10/x86_64/openmpi-gcc72-mlnx-3.0.0/lib' '-shared-libgcc' '-mtune=generic' '-march=x86-64'
 /trinity/shared/apps/tr17.10/x86_64/gcc-7.2.0/libexec/gcc/x86_64-redhat-linux/7.2.0/collect2 -plugin /trinity/shared/apps/tr17.10/x86_64/gcc-7.2.0/libexec/gcc/x86_64-redhat-linux/7.2.0/liblto_plugin.so -plugin-opt=/trinity/shared/apps/tr17.10/x86_64/gcc-7.2.0/libexec/gcc/x86_64-redhat-linux/7.2.0/lto-wrapper -plugin-opt=-fresolution=/tmp/ccf5Vbxw.res -plugin-opt=-pass-through=-lgcc_s -plugin-opt=-pass-through=-lgcc -plugin-opt=-pass-through=-lquadmath -plugin-opt=-pass-through=-lm -plugin-opt=-pass-through=-lgcc_s -plugin-opt=-pass-through=-lgcc -plugin-opt=-pass-through=-lpthread -plugin-opt=-pass-through=-lc -plugin-opt=-pass-through=-lgcc_s -plugin-opt=-pass-through=-lgcc --eh-frame-hdr -m elf_x86_64 -dynamic-linker /lib64/ld-linux-x86-64.so.2 -o cmTC_4b0ae /lib/../lib64/crt1.o /lib/../lib64/crti.o /trinity/shared/apps/tr17.10/x86_64/gcc-7.2.0/lib/gcc/x86_64-redhat-linux/7.2.0/crtbegin.o -L/trinity/shared/apps/tr17.10/x86_64/hwloc-1.11.8/lib -L/trinity/shared/apps/tr17.10/x86_64/openmpi-gcc72-mlnx-3.0.0/lib -L/trinity/shared/apps/tr17.10/x86_64/lapack-gcc72-3.7.1/lib64/../lib64 -L/trinity/shared/apps/tr17.10/x86_64/gcc-7.2.0/lib64/../lib64 -L/trinity/shared/apps/tr17.10/x86_64/gcc-7.2.0/lib/../lib64 -L/trinity/shared/apps/tr17.10/x86_64/gcc-7.2.0/lib/gcc/x86_64-redhat-linux/7.2.0 -L/trinity/shared/apps/tr17.10/x86_64/gcc-7.2.0/lib/gcc/x86_64-redhat-linux/7.2.0/../../../../lib64 -L/lib/../lib64 -L/usr/lib/../lib64 -L/trinity/shared/apps/tr17.10/x86_64/qt5-gcc72-5.9.3/lib -L/trinity/shared/apps/tr17.10/x86_64/lapack-gcc72-3.7.1/lib64 -L/trinity/shared/apps/tr17.10/x86_64/blas-gcc72-3.7.1/lib -L/trinity/shared/apps/tr17.10/x86_64/openmpi-gcc72-mlnx-3.0.0/lib -L/trinity/shared/apps/tr17.10/x86_64/hwloc-1.11.8/lib -L/trinity/shared/apps/tr17.10/x86_64/pmix-2.1.1/lib -L/trinity/shared/apps/tr17.10/x86_64/gcc-7.2.0/lib64 -L/trinity/shared/apps/tr17.10/x86_64/gcc-7.2.0/lib -L/trinity/shared/apps/tr17.10/x86_64/gcc-7.2.0/lib/gcc/x86_64-redhat-linux/7.2.0/../../.. CMakeFiles/cmTC_4b0ae.dir/CMakeFortranCompilerABI.F.o -rpath /trinity/shared/apps/tr17.10/x86_64/hwloc-1.11.8/lib -rpath /trinity/shared/apps/tr17.10/x86_64/openmpi-gcc72-mlnx-3.0.0/lib --enable-new-dtags -lmpi_usempif08 -lmpi_usempi_ignore_tkr -lmpi_mpifh -lmpi -lgfortran -lm -lgcc_s -lgcc -lquadmath -lm -lgcc_s -lgcc -lpthread -lc -lgcc_s -lgcc /trinity/shared/apps/tr17.10/x86_64/gcc-7.2.0/lib/gcc/x86_64-redhat-linux/7.2.0/crtend.o /lib/../lib64/crtn.o
COLLECT_GCC_OPTIONS='-v' '-o' 'cmTC_4b0ae' '-I' '/trinity/shared/apps/tr17.10/x86_64/openmpi-gcc72-mlnx-3.0.0/include' '-pthread' '-I' '/trinity/shared/apps/tr17.10/x86_64/openmpi-gcc72-mlnx-3.0.0/lib' '-L/trinity/shared/apps/tr17.10/x86_64/hwloc-1.11.8/lib' '-L/trinity/shared/apps/tr17.10/x86_64/openmpi-gcc72-mlnx-3.0.0/lib' '-shared-libgcc' '-mtune=generic' '-march=x86-64'
gmake[1]: Leaving directory `/trinity/home/lukas/temp/fixit5/build/CMakeFiles/CMakeTmp'



Parsed Fortran implicit include dir info from above output: rv=done
  found start of include info
  found start of implicit include info
    add: [/trinity/shared/apps/tr17.10/x86_64/openmpi-gcc72-mlnx-3.0.0/lib]
    add: [/trinity/shared/apps/tr17.10/x86_64/gcc-7.2.0/lib/gcc/x86_64-redhat-linux/7.2.0/finclude]
    add: [/trinity/shared/apps/tr17.10/x86_64/qt5-gcc72-5.9.3/include]
    add: [/trinity/shared/apps/tr17.10/x86_64/openmpi-gcc72-mlnx-3.0.0/include]
    add: [/trinity/shared/apps/tr17.10/x86_64/hwloc-1.11.8/include]
    add: [/trinity/shared/apps/tr17.10/x86_64/pmix-2.1.1/include]
    add: [/trinity/shared/apps/tr17.10/x86_64/gcc-7.2.0/include]
    add: [/trinity/shared/apps/tr17.10/x86_64/gcc-7.2.0/lib/gcc/x86_64-redhat-linux/7.2.0/include]
    add: [/usr/local/include]
    add: [/trinity/shared/apps/tr17.10/x86_64/gcc-7.2.0/lib/gcc/x86_64-redhat-linux/7.2.0/include-fixed]
    add: [/usr/include]
  end of search list found
  collapse include dir [/trinity/shared/apps/tr17.10/x86_64/openmpi-gcc72-mlnx-3.0.0/lib] ==> [/trinity/shared/apps/tr17.10/x86_64/openmpi-gcc72-mlnx-3.0.0/lib]
  collapse include dir [/trinity/shared/apps/tr17.10/x86_64/gcc-7.2.0/lib/gcc/x86_64-redhat-linux/7.2.0/finclude] ==> [/trinity/shared/apps/tr17.10/x86_64/gcc-7.2.0/lib/gcc/x86_64-redhat-linux/7.2.0/finclude]
  collapse include dir [/trinity/shared/apps/tr17.10/x86_64/qt5-gcc72-5.9.3/include] ==> [/trinity/shared/apps/tr17.10/x86_64/qt5-gcc72-5.9.3/include]
  collapse include dir [/trinity/shared/apps/tr17.10/x86_64/openmpi-gcc72-mlnx-3.0.0/include] ==> [/trinity/shared/apps/tr17.10/x86_64/openmpi-gcc72-mlnx-3.0.0/include]
  collapse include dir [/trinity/shared/apps/tr17.10/x86_64/hwloc-1.11.8/include] ==> [/trinity/shared/apps/tr17.10/x86_64/hwloc-1.11.8/include]
  collapse include dir [/trinity/shared/apps/tr17.10/x86_64/pmix-2.1.1/include] ==> [/trinity/shared/apps/tr17.10/x86_64/pmix-2.1.1/include]
  collapse include dir [/trinity/shared/apps/tr17.10/x86_64/gcc-7.2.0/include] ==> [/trinity/shared/apps/tr17.10/x86_64/gcc-7.2.0/include]
  collapse include dir [/trinity/shared/apps/tr17.10/x86_64/gcc-7.2.0/lib/gcc/x86_64-redhat-linux/7.2.0/include] ==> [/trinity/shared/apps/tr17.10/x86_64/gcc-7.2.0/lib/gcc/x86_64-redhat-linux/7.2.0/include]
  collapse include dir [/usr/local/include] ==> [/usr/local/include]
  collapse include dir [/trinity/shared/apps/tr17.10/x86_64/gcc-7.2.0/lib/gcc/x86_64-redhat-linux/7.2.0/include-fixed] ==> [/trinity/shared/apps/tr17.10/x86_64/gcc-7.2.0/lib/gcc/x86_64-redhat-linux/7.2.0/include-fixed]
  collapse include dir [/usr/include] ==> [/usr/include]
  implicit include dirs: [/trinity/shared/apps/tr17.10/x86_64/openmpi-gcc72-mlnx-3.0.0/lib;/trinity/shared/apps/tr17.10/x86_64/gcc-7.2.0/lib/gcc/x86_64-redhat-linux/7.2.0/finclude;/trinity/shared/apps/tr17.10/x86_64/qt5-gcc72-5.9.3/include;/trinity/shared/apps/tr17.10/x86_64/openmpi-gcc72-mlnx-3.0.0/include;/trinity/shared/apps/tr17.10/x86_64/hwloc-1.11.8/include;/trinity/shared/apps/tr17.10/x86_64/pmix-2.1.1/include;/trinity/shared/apps/tr17.10/x86_64/gcc-7.2.0/include;/trinity/shared/apps/tr17.10/x86_64/gcc-7.2.0/lib/gcc/x86_64-redhat-linux/7.2.0/include;/usr/local/include;/trinity/shared/apps/tr17.10/x86_64/gcc-7.2.0/lib/gcc/x86_64-redhat-linux/7.2.0/include-fixed;/usr/include]


Parsed Fortran implicit link information from above output:
  link line regex: [^( *|.*[/\])(ld|CMAKE_LINK_STARTFILE-NOTFOUND|([^/\]+-)?ld|collect2)[^/\]*( |$)]
  ignore line: [Change Dir: /trinity/home/lukas/temp/fixit5/build/CMakeFiles/CMakeTmp]
  ignore line: []
  ignore line: [Run Build Command(s):/usr/bin/gmake cmTC_4b0ae/fast && /usr/bin/gmake -f CMakeFiles/cmTC_4b0ae.dir/build.make CMakeFiles/cmTC_4b0ae.dir/build]
  ignore line: [gmake[1]: Entering directory `/trinity/home/lukas/temp/fixit5/build/CMakeFiles/CMakeTmp']
  ignore line: [Building Fortran object CMakeFiles/cmTC_4b0ae.dir/CMakeFortranCompilerABI.F.o]
  ignore line: [/trinity/shared/apps/tr17.10/x86_64/openmpi-gcc72-mlnx-3.0.0/bin/mpif90   -v -c /trinity/opt/apps/software/cmake/cmake-3.16.1/Modules/CMakeFortranCompilerABI.F -o CMakeFiles/cmTC_4b0ae.dir/CMakeFortranCompilerABI.F.o]
  ignore line: [Using built-in specs.]
  ignore line: [COLLECT_GCC=/trinity/shared/apps/tr17.10/x86_64/gcc-7.2.0/bin/gfortran]
  ignore line: [Target: x86_64-redhat-linux]
  ignore line: [Configured with: ./configure --prefix=/trinity/shared/apps/tr17.10/x86_64/gcc-7.2.0 --enable-multilib --enable-lto --enable-libstdcxx --enable-bootstrap --enable-shared --enable-threads=posix --enable-checking=release --with-system-zlib --enable-__cxa_atexit --disable-libunwind-exceptions --enable-gnu-unique-object --enable-languages=c c++ objc obj-c++ fortran --with-ppl --with-cloog --without-isl --build=x86_64-redhat-linux]
  ignore line: [Thread model: posix]
  ignore line: [gcc version 7.2.0 (GCC) ]
  ignore line: [COLLECT_GCC_OPTIONS='-v' '-c' '-o' 'CMakeFiles/cmTC_4b0ae.dir/CMakeFortranCompilerABI.F.o' '-I' '/trinity/shared/apps/tr17.10/x86_64/openmpi-gcc72-mlnx-3.0.0/include' '-pthread' '-I' '/trinity/shared/apps/tr17.10/x86_64/openmpi-gcc72-mlnx-3.0.0/lib' '-mtune=generic' '-march=x86-64']
  ignore line: [ /trinity/shared/apps/tr17.10/x86_64/gcc-7.2.0/libexec/gcc/x86_64-redhat-linux/7.2.0/f951 /trinity/opt/apps/software/cmake/cmake-3.16.1/Modules/CMakeFortranCompilerABI.F -ffixed-form -cpp=/tmp/ccgds8jq.f90 -quiet -v -I /trinity/shared/apps/tr17.10/x86_64/openmpi-gcc72-mlnx-3.0.0/include -I /trinity/shared/apps/tr17.10/x86_64/openmpi-gcc72-mlnx-3.0.0/lib -D_REENTRANT /trinity/opt/apps/software/cmake/cmake-3.16.1/Modules/CMakeFortranCompilerABI.F -quiet -dumpbase CMakeFortranCompilerABI.F -mtune=generic -march=x86-64 -auxbase-strip CMakeFiles/cmTC_4b0ae.dir/CMakeFortranCompilerABI.F.o -version -fintrinsic-modules-path /trinity/shared/apps/tr17.10/x86_64/gcc-7.2.0/lib/gcc/x86_64-redhat-linux/7.2.0/finclude -o /tmp/ccTmiaHQ.s]
  ignore line: [GNU Fortran (GCC) version 7.2.0 (x86_64-redhat-linux)]
  ignore line: [	compiled by GNU C version 7.2.0  GMP version 6.1.0  MPFR version 3.1.4  MPC version 1.0.3  isl version none]
  ignore line: [GGC heuristics: --param ggc-min-expand=100 --param ggc-min-heapsize=131072]
  ignore line: [ignoring duplicate directory "/trinity/shared/apps/tr17.10/x86_64/gcc-7.2.0/include"]
  ignore line: [ignoring nonexistent directory "/trinity/shared/apps/tr17.10/x86_64/gcc-7.2.0/lib/gcc/x86_64-redhat-linux/7.2.0/../../../../x86_64-redhat-linux/include"]
  ignore line: [ignoring duplicate directory "/trinity/shared/apps/tr17.10/x86_64/openmpi-gcc72-mlnx-3.0.0/include"]
  ignore line: [  as it is a non-system directory that duplicates a system directory]
  ignore line: [ignoring duplicate directory "/trinity/shared/apps/tr17.10/x86_64/qt5-gcc72-5.9.3/include"]
  ignore line: [  as it is a non-system directory that duplicates a system directory]
  ignore line: [ignoring duplicate directory "/trinity/shared/apps/tr17.10/x86_64/openmpi-gcc72-mlnx-3.0.0/include"]
  ignore line: [  as it is a non-system directory that duplicates a system directory]
  ignore line: [ignoring duplicate directory "/trinity/shared/apps/tr17.10/x86_64/hwloc-1.11.8/include"]
  ignore line: [  as it is a non-system directory that duplicates a system directory]
  ignore line: [ignoring duplicate directory "/trinity/shared/apps/tr17.10/x86_64/pmix-2.1.1/include"]
  ignore line: [  as it is a non-system directory that duplicates a system directory]
  ignore line: [ignoring duplicate directory "/trinity/shared/apps/tr17.10/x86_64/gcc-7.2.0/include"]
  ignore line: [  as it is a non-system directory that duplicates a system directory]
  ignore line: [#include "..." search starts here:]
  ignore line: [#include <...> search starts here:]
  ignore line: [ /trinity/shared/apps/tr17.10/x86_64/openmpi-gcc72-mlnx-3.0.0/lib]
  ignore line: [ /trinity/shared/apps/tr17.10/x86_64/gcc-7.2.0/lib/gcc/x86_64-redhat-linux/7.2.0/finclude]
  ignore line: [ /trinity/shared/apps/tr17.10/x86_64/qt5-gcc72-5.9.3/include]
  ignore line: [ /trinity/shared/apps/tr17.10/x86_64/openmpi-gcc72-mlnx-3.0.0/include]
  ignore line: [ /trinity/shared/apps/tr17.10/x86_64/hwloc-1.11.8/include]
  ignore line: [ /trinity/shared/apps/tr17.10/x86_64/pmix-2.1.1/include]
  ignore line: [ /trinity/shared/apps/tr17.10/x86_64/gcc-7.2.0/include]
  ignore line: [ /trinity/shared/apps/tr17.10/x86_64/gcc-7.2.0/lib/gcc/x86_64-redhat-linux/7.2.0/include]
  ignore line: [ /usr/local/include]
  ignore line: [ /trinity/shared/apps/tr17.10/x86_64/gcc-7.2.0/lib/gcc/x86_64-redhat-linux/7.2.0/include-fixed]
  ignore line: [ /usr/include]
  ignore line: [End of search list.]
  ignore line: [GNU Fortran2008 (GCC) version 7.2.0 (x86_64-redhat-linux)]
  ignore line: [	compiled by GNU C version 7.2.0  GMP version 6.1.0  MPFR version 3.1.4  MPC version 1.0.3  isl version none]
  ignore line: [GGC heuristics: --param ggc-min-expand=100 --param ggc-min-heapsize=131072]
  ignore line: [COLLECT_GCC_OPTIONS='-v' '-c' '-o' 'CMakeFiles/cmTC_4b0ae.dir/CMakeFortranCompilerABI.F.o' '-I' '/trinity/shared/apps/tr17.10/x86_64/openmpi-gcc72-mlnx-3.0.0/include' '-pthread' '-I' '/trinity/shared/apps/tr17.10/x86_64/openmpi-gcc72-mlnx-3.0.0/lib' '-mtune=generic' '-march=x86-64']
  ignore line: [ as -v -I /trinity/shared/apps/tr17.10/x86_64/openmpi-gcc72-mlnx-3.0.0/include -I /trinity/shared/apps/tr17.10/x86_64/openmpi-gcc72-mlnx-3.0.0/lib --64 -o CMakeFiles/cmTC_4b0ae.dir/CMakeFortranCompilerABI.F.o /tmp/ccTmiaHQ.s]
  ignore line: [GNU assembler version 2.27 (x86_64-redhat-linux) using BFD version version 2.27-41.base.el7_7.1]
  ignore line: [COMPILER_PATH=/trinity/shared/apps/tr17.10/x86_64/gcc-7.2.0/libexec/gcc/x86_64-redhat-linux/7.2.0/:/trinity/shared/apps/tr17.10/x86_64/gcc-7.2.0/libexec/gcc/x86_64-redhat-linux/7.2.0/:/trinity/shared/apps/tr17.10/x86_64/gcc-7.2.0/libexec/gcc/x86_64-redhat-linux/:/trinity/shared/apps/tr17.10/x86_64/gcc-7.2.0/lib/gcc/x86_64-redhat-linux/7.2.0/:/trinity/shared/apps/tr17.10/x86_64/gcc-7.2.0/lib/gcc/x86_64-redhat-linux/]
  ignore line: [LIBRARY_PATH=/trinity/shared/apps/tr17.10/x86_64/lapack-gcc72-3.7.1/lib64/../lib64/:/trinity/shared/apps/tr17.10/x86_64/gcc-7.2.0/lib64/../lib64/:/trinity/shared/apps/tr17.10/x86_64/gcc-7.2.0/lib/../lib64/:/trinity/shared/apps/tr17.10/x86_64/gcc-7.2.0/lib/gcc/x86_64-redhat-linux/7.2.0/:/trinity/shared/apps/tr17.10/x86_64/gcc-7.2.0/lib/gcc/x86_64-redhat-linux/7.2.0/../../../../lib64/:/lib/../lib64/:/usr/lib/../lib64/:/trinity/shared/apps/tr17.10/x86_64/qt5-gcc72-5.9.3/lib/:/trinity/shared/apps/tr17.10/x86_64/lapack-gcc72-3.7.1/lib64/:/trinity/shared/apps/tr17.10/x86_64/blas-gcc72-3.7.1/lib/:/trinity/shared/apps/tr17.10/x86_64/openmpi-gcc72-mlnx-3.0.0/lib/:/trinity/shared/apps/tr17.10/x86_64/hwloc-1.11.8/lib/:/trinity/shared/apps/tr17.10/x86_64/pmix-2.1.1/lib/:/trinity/shared/apps/tr17.10/x86_64/gcc-7.2.0/lib64/:/trinity/shared/apps/tr17.10/x86_64/gcc-7.2.0/lib/:/trinity/shared/apps/tr17.10/x86_64/gcc-7.2.0/lib/gcc/x86_64-redhat-linux/7.2.0/../../../:/lib/:/usr/lib/]
  ignore line: [COLLECT_GCC_OPTIONS='-v' '-c' '-o' 'CMakeFiles/cmTC_4b0ae.dir/CMakeFortranCompilerABI.F.o' '-I' '/trinity/shared/apps/tr17.10/x86_64/openmpi-gcc72-mlnx-3.0.0/include' '-pthread' '-I' '/trinity/shared/apps/tr17.10/x86_64/openmpi-gcc72-mlnx-3.0.0/lib' '-mtune=generic' '-march=x86-64']
  ignore line: [Linking Fortran executable cmTC_4b0ae]
  ignore line: [/trinity/opt/apps/software/cmake/cmake-3.16.1/bin/cmake -E cmake_link_script CMakeFiles/cmTC_4b0ae.dir/link.txt --verbose=1]
  ignore line: [/trinity/shared/apps/tr17.10/x86_64/openmpi-gcc72-mlnx-3.0.0/bin/mpif90   -v   CMakeFiles/cmTC_4b0ae.dir/CMakeFortranCompilerABI.F.o  -o cmTC_4b0ae ]
  ignore line: [Driving: /trinity/shared/apps/tr17.10/x86_64/gcc-7.2.0/bin/gfortran -v CMakeFiles/cmTC_4b0ae.dir/CMakeFortranCompilerABI.F.o -o cmTC_4b0ae -I/trinity/shared/apps/tr17.10/x86_64/openmpi-gcc72-mlnx-3.0.0/include -pthread -I/trinity/shared/apps/tr17.10/x86_64/openmpi-gcc72-mlnx-3.0.0/lib -L/trinity/shared/apps/tr17.10/x86_64/hwloc-1.11.8/lib -Wl -rpath -Wl /trinity/shared/apps/tr17.10/x86_64/hwloc-1.11.8/lib -Wl -rpath -Wl /trinity/shared/apps/tr17.10/x86_64/openmpi-gcc72-mlnx-3.0.0/lib -Wl --enable-new-dtags -L/trinity/shared/apps/tr17.10/x86_64/openmpi-gcc72-mlnx-3.0.0/lib -lmpi_usempif08 -lmpi_usempi_ignore_tkr -lmpi_mpifh -lmpi -l gfortran -l m -shared-libgcc]
  ignore line: [Using built-in specs.]
  ignore line: [COLLECT_GCC=/trinity/shared/apps/tr17.10/x86_64/gcc-7.2.0/bin/gfortran]
  ignore line: [COLLECT_LTO_WRAPPER=/trinity/shared/apps/tr17.10/x86_64/gcc-7.2.0/libexec/gcc/x86_64-redhat-linux/7.2.0/lto-wrapper]
  ignore line: [Target: x86_64-redhat-linux]
  ignore line: [Configured with: ./configure --prefix=/trinity/shared/apps/tr17.10/x86_64/gcc-7.2.0 --enable-multilib --enable-lto --enable-libstdcxx --enable-bootstrap --enable-shared --enable-threads=posix --enable-checking=release --with-system-zlib --enable-__cxa_atexit --disable-libunwind-exceptions --enable-gnu-unique-object --enable-languages=c c++ objc obj-c++ fortran --with-ppl --with-cloog --without-isl --build=x86_64-redhat-linux]
  ignore line: [Thread model: posix]
  ignore line: [gcc version 7.2.0 (GCC) ]
  ignore line: [Reading specs from /trinity/shared/apps/tr17.10/x86_64/gcc-7.2.0/lib64/../lib64/libgfortran.spec]
  ignore line: [rename spec lib to liborig]
  ignore line: [COLLECT_GCC_OPTIONS='-v' '-o' 'cmTC_4b0ae' '-I' '/trinity/shared/apps/tr17.10/x86_64/openmpi-gcc72-mlnx-3.0.0/include' '-pthread' '-I' '/trinity/shared/apps/tr17.10/x86_64/openmpi-gcc72-mlnx-3.0.0/lib' '-L/trinity/shared/apps/tr17.10/x86_64/hwloc-1.11.8/lib' '-L/trinity/shared/apps/tr17.10/x86_64/openmpi-gcc72-mlnx-3.0.0/lib' '-shared-libgcc' '-mtune=generic' '-march=x86-64']
  ignore line: [COMPILER_PATH=/trinity/shared/apps/tr17.10/x86_64/gcc-7.2.0/libexec/gcc/x86_64-redhat-linux/7.2.0/:/trinity/shared/apps/tr17.10/x86_64/gcc-7.2.0/libexec/gcc/x86_64-redhat-linux/7.2.0/:/trinity/shared/apps/tr17.10/x86_64/gcc-7.2.0/libexec/gcc/x86_64-redhat-linux/:/trinity/shared/apps/tr17.10/x86_64/gcc-7.2.0/lib/gcc/x86_64-redhat-linux/7.2.0/:/trinity/shared/apps/tr17.10/x86_64/gcc-7.2.0/lib/gcc/x86_64-redhat-linux/]
  ignore line: [LIBRARY_PATH=/trinity/shared/apps/tr17.10/x86_64/lapack-gcc72-3.7.1/lib64/../lib64/:/trinity/shared/apps/tr17.10/x86_64/gcc-7.2.0/lib64/../lib64/:/trinity/shared/apps/tr17.10/x86_64/gcc-7.2.0/lib/../lib64/:/trinity/shared/apps/tr17.10/x86_64/gcc-7.2.0/lib/gcc/x86_64-redhat-linux/7.2.0/:/trinity/shared/apps/tr17.10/x86_64/gcc-7.2.0/lib/gcc/x86_64-redhat-linux/7.2.0/../../../../lib64/:/lib/../lib64/:/usr/lib/../lib64/:/trinity/shared/apps/tr17.10/x86_64/qt5-gcc72-5.9.3/lib/:/trinity/shared/apps/tr17.10/x86_64/lapack-gcc72-3.7.1/lib64/:/trinity/shared/apps/tr17.10/x86_64/blas-gcc72-3.7.1/lib/:/trinity/shared/apps/tr17.10/x86_64/openmpi-gcc72-mlnx-3.0.0/lib/:/trinity/shared/apps/tr17.10/x86_64/hwloc-1.11.8/lib/:/trinity/shared/apps/tr17.10/x86_64/pmix-2.1.1/lib/:/trinity/shared/apps/tr17.10/x86_64/gcc-7.2.0/lib64/:/trinity/shared/apps/tr17.10/x86_64/gcc-7.2.0/lib/:/trinity/shared/apps/tr17.10/x86_64/gcc-7.2.0/lib/gcc/x86_64-redhat-linux/7.2.0/../../../:/lib/:/usr/lib/]
  ignore line: [COLLECT_GCC_OPTIONS='-v' '-o' 'cmTC_4b0ae' '-I' '/trinity/shared/apps/tr17.10/x86_64/openmpi-gcc72-mlnx-3.0.0/include' '-pthread' '-I' '/trinity/shared/apps/tr17.10/x86_64/openmpi-gcc72-mlnx-3.0.0/lib' '-L/trinity/shared/apps/tr17.10/x86_64/hwloc-1.11.8/lib' '-L/trinity/shared/apps/tr17.10/x86_64/openmpi-gcc72-mlnx-3.0.0/lib' '-shared-libgcc' '-mtune=generic' '-march=x86-64']
  link line: [ /trinity/shared/apps/tr17.10/x86_64/gcc-7.2.0/libexec/gcc/x86_64-redhat-linux/7.2.0/collect2 -plugin /trinity/shared/apps/tr17.10/x86_64/gcc-7.2.0/libexec/gcc/x86_64-redhat-linux/7.2.0/liblto_plugin.so -plugin-opt=/trinity/shared/apps/tr17.10/x86_64/gcc-7.2.0/libexec/gcc/x86_64-redhat-linux/7.2.0/lto-wrapper -plugin-opt=-fresolution=/tmp/ccf5Vbxw.res -plugin-opt=-pass-through=-lgcc_s -plugin-opt=-pass-through=-lgcc -plugin-opt=-pass-through=-lquadmath -plugin-opt=-pass-through=-lm -plugin-opt=-pass-through=-lgcc_s -plugin-opt=-pass-through=-lgcc -plugin-opt=-pass-through=-lpthread -plugin-opt=-pass-through=-lc -plugin-opt=-pass-through=-lgcc_s -plugin-opt=-pass-through=-lgcc --eh-frame-hdr -m elf_x86_64 -dynamic-linker /lib64/ld-linux-x86-64.so.2 -o cmTC_4b0ae /lib/../lib64/crt1.o /lib/../lib64/crti.o /trinity/shared/apps/tr17.10/x86_64/gcc-7.2.0/lib/gcc/x86_64-redhat-linux/7.2.0/crtbegin.o -L/trinity/shared/apps/tr17.10/x86_64/hwloc-1.11.8/lib -L/trinity/shared/apps/tr17.10/x86_64/openmpi-gcc72-mlnx-3.0.0/lib -L/trinity/shared/apps/tr17.10/x86_64/lapack-gcc72-3.7.1/lib64/../lib64 -L/trinity/shared/apps/tr17.10/x86_64/gcc-7.2.0/lib64/../lib64 -L/trinity/shared/apps/tr17.10/x86_64/gcc-7.2.0/lib/../lib64 -L/trinity/shared/apps/tr17.10/x86_64/gcc-7.2.0/lib/gcc/x86_64-redhat-linux/7.2.0 -L/trinity/shared/apps/tr17.10/x86_64/gcc-7.2.0/lib/gcc/x86_64-redhat-linux/7.2.0/../../../../lib64 -L/lib/../lib64 -L/usr/lib/../lib64 -L/trinity/shared/apps/tr17.10/x86_64/qt5-gcc72-5.9.3/lib -L/trinity/shared/apps/tr17.10/x86_64/lapack-gcc72-3.7.1/lib64 -L/trinity/shared/apps/tr17.10/x86_64/blas-gcc72-3.7.1/lib -L/trinity/shared/apps/tr17.10/x86_64/openmpi-gcc72-mlnx-3.0.0/lib -L/trinity/shared/apps/tr17.10/x86_64/hwloc-1.11.8/lib -L/trinity/shared/apps/tr17.10/x86_64/pmix-2.1.1/lib -L/trinity/shared/apps/tr17.10/x86_64/gcc-7.2.0/lib64 -L/trinity/shared/apps/tr17.10/x86_64/gcc-7.2.0/lib -L/trinity/shared/apps/tr17.10/x86_64/gcc-7.2.0/lib/gcc/x86_64-redhat-linux/7.2.0/../../.. CMakeFiles/cmTC_4b0ae.dir/CMakeFortranCompilerABI.F.o -rpath /trinity/shared/apps/tr17.10/x86_64/hwloc-1.11.8/lib -rpath /trinity/shared/apps/tr17.10/x86_64/openmpi-gcc72-mlnx-3.0.0/lib --enable-new-dtags -lmpi_usempif08 -lmpi_usempi_ignore_tkr -lmpi_mpifh -lmpi -lgfortran -lm -lgcc_s -lgcc -lquadmath -lm -lgcc_s -lgcc -lpthread -lc -lgcc_s -lgcc /trinity/shared/apps/tr17.10/x86_64/gcc-7.2.0/lib/gcc/x86_64-redhat-linux/7.2.0/crtend.o /lib/../lib64/crtn.o]
    arg [/trinity/shared/apps/tr17.10/x86_64/gcc-7.2.0/libexec/gcc/x86_64-redhat-linux/7.2.0/collect2] ==> ignore
    arg [-plugin] ==> ignore
    arg [/trinity/shared/apps/tr17.10/x86_64/gcc-7.2.0/libexec/gcc/x86_64-redhat-linux/7.2.0/liblto_plugin.so] ==> ignore
    arg [-plugin-opt=/trinity/shared/apps/tr17.10/x86_64/gcc-7.2.0/libexec/gcc/x86_64-redhat-linux/7.2.0/lto-wrapper] ==> ignore
    arg [-plugin-opt=-fresolution=/tmp/ccf5Vbxw.res] ==> ignore
    arg [-plugin-opt=-pass-through=-lgcc_s] ==> ignore
    arg [-plugin-opt=-pass-through=-lgcc] ==> ignore
    arg [-plugin-opt=-pass-through=-lquadmath] ==> ignore
    arg [-plugin-opt=-pass-through=-lm] ==> ignore
    arg [-plugin-opt=-pass-through=-lgcc_s] ==> ignore
    arg [-plugin-opt=-pass-through=-lgcc] ==> ignore
    arg [-plugin-opt=-pass-through=-lpthread] ==> ignore
    arg [-plugin-opt=-pass-through=-lc] ==> ignore
    arg [-plugin-opt=-pass-through=-lgcc_s] ==> ignore
    arg [-plugin-opt=-pass-through=-lgcc] ==> ignore
    arg [--eh-frame-hdr] ==> ignore
    arg [-m] ==> ignore
    arg [elf_x86_64] ==> ignore
    arg [-dynamic-linker] ==> ignore
    arg [/lib64/ld-linux-x86-64.so.2] ==> ignore
    arg [-o] ==> ignore
    arg [cmTC_4b0ae] ==> ignore
    arg [/lib/../lib64/crt1.o] ==> ignore
    arg [/lib/../lib64/crti.o] ==> ignore
    arg [/trinity/shared/apps/tr17.10/x86_64/gcc-7.2.0/lib/gcc/x86_64-redhat-linux/7.2.0/crtbegin.o] ==> ignore
    arg [-L/trinity/shared/apps/tr17.10/x86_64/hwloc-1.11.8/lib] ==> dir [/trinity/shared/apps/tr17.10/x86_64/hwloc-1.11.8/lib]
    arg [-L/trinity/shared/apps/tr17.10/x86_64/openmpi-gcc72-mlnx-3.0.0/lib] ==> dir [/trinity/shared/apps/tr17.10/x86_64/openmpi-gcc72-mlnx-3.0.0/lib]
    arg [-L/trinity/shared/apps/tr17.10/x86_64/lapack-gcc72-3.7.1/lib64/../lib64] ==> dir [/trinity/shared/apps/tr17.10/x86_64/lapack-gcc72-3.7.1/lib64/../lib64]
    arg [-L/trinity/shared/apps/tr17.10/x86_64/gcc-7.2.0/lib64/../lib64] ==> dir [/trinity/shared/apps/tr17.10/x86_64/gcc-7.2.0/lib64/../lib64]
    arg [-L/trinity/shared/apps/tr17.10/x86_64/gcc-7.2.0/lib/../lib64] ==> dir [/trinity/shared/apps/tr17.10/x86_64/gcc-7.2.0/lib/../lib64]
    arg [-L/trinity/shared/apps/tr17.10/x86_64/gcc-7.2.0/lib/gcc/x86_64-redhat-linux/7.2.0] ==> dir [/trinity/shared/apps/tr17.10/x86_64/gcc-7.2.0/lib/gcc/x86_64-redhat-linux/7.2.0]
    arg [-L/trinity/shared/apps/tr17.10/x86_64/gcc-7.2.0/lib/gcc/x86_64-redhat-linux/7.2.0/../../../../lib64] ==> dir [/trinity/shared/apps/tr17.10/x86_64/gcc-7.2.0/lib/gcc/x86_64-redhat-linux/7.2.0/../../../../lib64]
    arg [-L/lib/../lib64] ==> dir [/lib/../lib64]
    arg [-L/usr/lib/../lib64] ==> dir [/usr/lib/../lib64]
    arg [-L/trinity/shared/apps/tr17.10/x86_64/qt5-gcc72-5.9.3/lib] ==> dir [/trinity/shared/apps/tr17.10/x86_64/qt5-gcc72-5.9.3/lib]
    arg [-L/trinity/shared/apps/tr17.10/x86_64/lapack-gcc72-3.7.1/lib64] ==> dir [/trinity/shared/apps/tr17.10/x86_64/lapack-gcc72-3.7.1/lib64]
    arg [-L/trinity/shared/apps/tr17.10/x86_64/blas-gcc72-3.7.1/lib] ==> dir [/trinity/shared/apps/tr17.10/x86_64/blas-gcc72-3.7.1/lib]
    arg [-L/trinity/shared/apps/tr17.10/x86_64/openmpi-gcc72-mlnx-3.0.0/lib] ==> dir [/trinity/shared/apps/tr17.10/x86_64/openmpi-gcc72-mlnx-3.0.0/lib]
    arg [-L/trinity/shared/apps/tr17.10/x86_64/hwloc-1.11.8/lib] ==> dir [/trinity/shared/apps/tr17.10/x86_64/hwloc-1.11.8/lib]
    arg [-L/trinity/shared/apps/tr17.10/x86_64/pmix-2.1.1/lib] ==> dir [/trinity/shared/apps/tr17.10/x86_64/pmix-2.1.1/lib]
    arg [-L/trinity/shared/apps/tr17.10/x86_64/gcc-7.2.0/lib64] ==> dir [/trinity/shared/apps/tr17.10/x86_64/gcc-7.2.0/lib64]
    arg [-L/trinity/shared/apps/tr17.10/x86_64/gcc-7.2.0/lib] ==> dir [/trinity/shared/apps/tr17.10/x86_64/gcc-7.2.0/lib]
    arg [-L/trinity/shared/apps/tr17.10/x86_64/gcc-7.2.0/lib/gcc/x86_64-redhat-linux/7.2.0/../../..] ==> dir [/trinity/shared/apps/tr17.10/x86_64/gcc-7.2.0/lib/gcc/x86_64-redhat-linux/7.2.0/../../..]
    arg [CMakeFiles/cmTC_4b0ae.dir/CMakeFortranCompilerABI.F.o] ==> ignore
    arg [-rpath] ==> ignore
    arg [/trinity/shared/apps/tr17.10/x86_64/hwloc-1.11.8/lib] ==> ignore
    arg [-rpath] ==> ignore
    arg [/trinity/shared/apps/tr17.10/x86_64/openmpi-gcc72-mlnx-3.0.0/lib] ==> ignore
    arg [--enable-new-dtags] ==> ignore
    arg [-lmpi_usempif08] ==> lib [mpi_usempif08]
    arg [-lmpi_usempi_ignore_tkr] ==> lib [mpi_usempi_ignore_tkr]
    arg [-lmpi_mpifh] ==> lib [mpi_mpifh]
    arg [-lmpi] ==> lib [mpi]
    arg [-lgfortran] ==> lib [gfortran]
    arg [-lm] ==> lib [m]
    arg [-lgcc_s] ==> lib [gcc_s]
    arg [-lgcc] ==> lib [gcc]
    arg [-lquadmath] ==> lib [quadmath]
    arg [-lm] ==> lib [m]
    arg [-lgcc_s] ==> lib [gcc_s]
    arg [-lgcc] ==> lib [gcc]
    arg [-lpthread] ==> lib [pthread]
    arg [-lc] ==> lib [c]
    arg [-lgcc_s] ==> lib [gcc_s]
    arg [-lgcc] ==> lib [gcc]
    arg [/trinity/shared/apps/tr17.10/x86_64/gcc-7.2.0/lib/gcc/x86_64-redhat-linux/7.2.0/crtend.o] ==> ignore
    arg [/lib/../lib64/crtn.o] ==> ignore
  collapse library dir [/trinity/shared/apps/tr17.10/x86_64/hwloc-1.11.8/lib] ==> [/trinity/shared/apps/tr17.10/x86_64/hwloc-1.11.8/lib]
  collapse library dir [/trinity/shared/apps/tr17.10/x86_64/openmpi-gcc72-mlnx-3.0.0/lib] ==> [/trinity/shared/apps/tr17.10/x86_64/openmpi-gcc72-mlnx-3.0.0/lib]
  collapse library dir [/trinity/shared/apps/tr17.10/x86_64/lapack-gcc72-3.7.1/lib64/../lib64] ==> [/trinity/shared/apps/tr17.10/x86_64/lapack-gcc72-3.7.1/lib64]
  collapse library dir [/trinity/shared/apps/tr17.10/x86_64/gcc-7.2.0/lib64/../lib64] ==> [/trinity/shared/apps/tr17.10/x86_64/gcc-7.2.0/lib64]
  collapse library dir [/trinity/shared/apps/tr17.10/x86_64/gcc-7.2.0/lib/../lib64] ==> [/trinity/shared/apps/tr17.10/x86_64/gcc-7.2.0/lib64]
  collapse library dir [/trinity/shared/apps/tr17.10/x86_64/gcc-7.2.0/lib/gcc/x86_64-redhat-linux/7.2.0] ==> [/trinity/shared/apps/tr17.10/x86_64/gcc-7.2.0/lib/gcc/x86_64-redhat-linux/7.2.0]
  collapse library dir [/trinity/shared/apps/tr17.10/x86_64/gcc-7.2.0/lib/gcc/x86_64-redhat-linux/7.2.0/../../../../lib64] ==> [/trinity/shared/apps/tr17.10/x86_64/gcc-7.2.0/lib64]
  collapse library dir [/lib/../lib64] ==> [/lib64]
  collapse library dir [/usr/lib/../lib64] ==> [/usr/lib64]
  collapse library dir [/trinity/shared/apps/tr17.10/x86_64/qt5-gcc72-5.9.3/lib] ==> [/trinity/shared/apps/tr17.10/x86_64/qt5-gcc72-5.9.3/lib]
  collapse library dir [/trinity/shared/apps/tr17.10/x86_64/lapack-gcc72-3.7.1/lib64] ==> [/trinity/shared/apps/tr17.10/x86_64/lapack-gcc72-3.7.1/lib64]
  collapse library dir [/trinity/shared/apps/tr17.10/x86_64/blas-gcc72-3.7.1/lib] ==> [/trinity/shared/apps/tr17.10/x86_64/blas-gcc72-3.7.1/lib]
  collapse library dir [/trinity/shared/apps/tr17.10/x86_64/openmpi-gcc72-mlnx-3.0.0/lib] ==> [/trinity/shared/apps/tr17.10/x86_64/openmpi-gcc72-mlnx-3.0.0/lib]
  collapse library dir [/trinity/shared/apps/tr17.10/x86_64/hwloc-1.11.8/lib] ==> [/trinity/shared/apps/tr17.10/x86_64/hwloc-1.11.8/lib]
  collapse library dir [/trinity/shared/apps/tr17.10/x86_64/pmix-2.1.1/lib] ==> [/trinity/shared/apps/tr17.10/x86_64/pmix-2.1.1/lib]
  collapse library dir [/trinity/shared/apps/tr17.10/x86_64/gcc-7.2.0/lib64] ==> [/trinity/shared/apps/tr17.10/x86_64/gcc-7.2.0/lib64]
  collapse library dir [/trinity/shared/apps/tr17.10/x86_64/gcc-7.2.0/lib] ==> [/trinity/shared/apps/tr17.10/x86_64/gcc-7.2.0/lib]
  collapse library dir [/trinity/shared/apps/tr17.10/x86_64/gcc-7.2.0/lib/gcc/x86_64-redhat-linux/7.2.0/../../..] ==> [/trinity/shared/apps/tr17.10/x86_64/gcc-7.2.0/lib]
  implicit libs: [mpi_usempif08;mpi_usempi_ignore_tkr;mpi_mpifh;mpi;gfortran;m;gcc_s;gcc;quadmath;m;gcc_s;gcc;pthread;c;gcc_s;gcc]
  implicit dirs: [/trinity/shared/apps/tr17.10/x86_64/hwloc-1.11.8/lib;/trinity/shared/apps/tr17.10/x86_64/openmpi-gcc72-mlnx-3.0.0/lib;/trinity/shared/apps/tr17.10/x86_64/lapack-gcc72-3.7.1/lib64;/trinity/shared/apps/tr17.10/x86_64/gcc-7.2.0/lib64;/trinity/shared/apps/tr17.10/x86_64/gcc-7.2.0/lib/gcc/x86_64-redhat-linux/7.2.0;/lib64;/usr/lib64;/trinity/shared/apps/tr17.10/x86_64/qt5-gcc72-5.9.3/lib;/trinity/shared/apps/tr17.10/x86_64/blas-gcc72-3.7.1/lib;/trinity/shared/apps/tr17.10/x86_64/pmix-2.1.1/lib;/trinity/shared/apps/tr17.10/x86_64/gcc-7.2.0/lib]
  implicit fwks: []


Determining if the Fortran compiler supports Fortran 90 passed with the following output:
Change Dir: /trinity/home/lukas/temp/fixit5/build/CMakeFiles/CMakeTmp

Run Build Command(s):/usr/bin/gmake cmTC_5236c/fast && /usr/bin/gmake -f CMakeFiles/cmTC_5236c.dir/build.make CMakeFiles/cmTC_5236c.dir/build
gmake[1]: Entering directory `/trinity/home/lukas/temp/fixit5/build/CMakeFiles/CMakeTmp'
Building Fortran object CMakeFiles/cmTC_5236c.dir/testFortranCompilerF90.f90.o
/trinity/shared/apps/tr17.10/x86_64/openmpi-gcc72-mlnx-3.0.0/bin/mpif90    -c /trinity/home/lukas/temp/fixit5/build/CMakeFiles/CMakeTmp/testFortranCompilerF90.f90 -o CMakeFiles/cmTC_5236c.dir/testFortranCompilerF90.f90.o
Linking Fortran executable cmTC_5236c
/trinity/opt/apps/software/cmake/cmake-3.16.1/bin/cmake -E cmake_link_script CMakeFiles/cmTC_5236c.dir/link.txt --verbose=1
/trinity/shared/apps/tr17.10/x86_64/openmpi-gcc72-mlnx-3.0.0/bin/mpif90      CMakeFiles/cmTC_5236c.dir/testFortranCompilerF90.f90.o  -o cmTC_5236c 
gmake[1]: Leaving directory `/trinity/home/lukas/temp/fixit5/build/CMakeFiles/CMakeTmp'



