This is pdfeTeX, Version 3.141592-1.21a-2.2 (Web2C 7.5.4) (format=pdflatex 2010.5.17)  4 NOV 2014 13:33
entering extended mode
**changelog.tex
(./changelog.tex
LaTeX2e <2003/12/01>
Babel <v3.8d> and hyphenation patterns for american, french, german, ngerman, b
ahasa, basque, bulgarian, catalan, croatian, czech, danish, dutch, esperanto, e
stonian, finnish, greek, icelandic, irish, italian, latin, magyar, norsk, polis
h, portuges, romanian, russian, serbian, slovak, slovene, spanish, swedish, tur
kish, ukrainian, nohyphenation, loaded.
(/usr/share/texmf/tex/latex/base/article.cls
Document Class: article 2004/02/16 v1.4f Standard LaTeX document class
(/usr/share/texmf/tex/latex/base/size10.clo
File: size10.clo 2004/02/16 v1.4f Standard LaTeX file (size option)
)
\c@part=\count79
\c@section=\count80
\c@subsection=\count81
\c@subsubsection=\count82
\c@paragraph=\count83
\c@subparagraph=\count84
\c@figure=\count85
\c@table=\count86
\abovecaptionskip=\skip41
\belowcaptionskip=\skip42
\bibindent=\dimen102
)
(/usr/share/texmf/tex/latex/a4wide/a4wide.sty
Package: a4wide 1994/08/30

(/usr/share/texmf/tex/latex/ntgclass/a4.sty
Package: a4 2004/04/15 v1.2g A4 based page layout
))
(/usr/share/texmf/tex/latex/url/url.sty
\Urlmuskip=\muskip10
Package: url 2004/03/15  ver 3.1  Verb mode for urls, etc.
) (./changelog.aux)
\openout1 = `changelog.aux'.

LaTeX Font Info:    Checking defaults for OML/cmm/m/it on input line 5.
LaTeX Font Info:    ... okay on input line 5.
LaTeX Font Info:    Checking defaults for T1/cmr/m/n on input line 5.
LaTeX Font Info:    ... okay on input line 5.
LaTeX Font Info:    Checking defaults for OT1/cmr/m/n on input line 5.
LaTeX Font Info:    ... okay on input line 5.
LaTeX Font Info:    Checking defaults for OMS/cmsy/m/n on input line 5.
LaTeX Font Info:    ... okay on input line 5.
LaTeX Font Info:    Checking defaults for OMX/cmex/m/n on input line 5.
LaTeX Font Info:    ... okay on input line 5.
LaTeX Font Info:    Checking defaults for U/cmr/m/n on input line 5.
LaTeX Font Info:    ... okay on input line 5.
LaTeX Font Info:    External font `cmex10' loaded for size
(Font)              <12> on input line 11.
LaTeX Font Info:    External font `cmex10' loaded for size
(Font)              <8> on input line 11.
LaTeX Font Info:    External font `cmex10' loaded for size
(Font)              <6> on input line 11.

Overfull \hbox (19.06154pt too wide) in paragraph at lines 41--43
[]\OT1/cmr/m/n/10 the files \OT1/cmr/m/it/10 tecin.dat.partf.bcs \OT1/cmr/m/n/1
0 and \OT1/cmr/m/it/10 tecin.dat.partf.elm \OT1/cmr/m/n/10 are cre-ated, which 
can be in-serted in \OT1/cmr/m/it/10 TECIN.DAT
 []

LaTeX Font Info:    External font `cmex10' loaded for size
(Font)              <7> on input line 62.
LaTeX Font Info:    External font `cmex10' loaded for size
(Font)              <5> on input line 62.
[1

{/usr/share/texmf-var/fonts/map/pdftex/updmap/pdftex.map}]
Overfull \hbox (53.15959pt too wide) in paragraph at lines 90--90
[]\OT1/cmtt/m/n/10 <f3d/pln> [as/bi] workpath=<path> partinfo=partition.info fe
in=TECIN.DAT fedsk=fedsk.serial[] 
 []

[2] (./changelog.aux) ) 
Here is how much of TeX's memory you used:
 335 strings out of 94500
 3792 string characters out of 1176766
 51348 words of memory out of 1000000
 3561 multiletter control sequences out of 10000+50000
 9016 words of font info for 32 fonts, out of 500000 for 2000
 580 hyphenation exceptions out of 1000
 23i,6n,19p,164b,187s stack positions out of 1500i,500n,5000p,200000b,5000s
PDF statistics:
 34 PDF objects out of 300000
 0 named destinations out of 131072
 1 words of extra memory for PDF output out of 65536
</usr/share/texmf/fonts/type1/bluesky/cm/cmbx10.pfb></us
r/share/texmf/fonts/type1/bluesky/cm/cmtt10.pfb></usr/share/texmf/fonts/type1/b
luesky/cm/cmti10.pfb></usr/share/texmf/fonts/type1/bluesky/cm/cmr10.pfb></usr/s
hare/texmf/fonts/type1/bluesky/cm/cmbx12.pfb></usr/share/texmf/fonts/type1/blue
sky/cm/cmr9.pfb></usr/share/texmf/fonts/type1/bluesky/cm/cmbx9.pfb></usr/share/
texmf/fonts/type1/bluesky/cm/cmr12.pfb></usr/share/texmf/fonts/type1/bluesky/cm
/cmr17.pfb>
Output written on changelog.pdf (2 pages, 76695 bytes).
